<?xml version="1.0" encoding="UTF-8"?>
<!-- Generated by org.testng.reporters.JUnitXMLReporter -->
<testsuite ignored="0" hostname="DESKTOP-9VKH3VA" failures="0" tests="13" name="Surefire test" time="9.868" errors="0" timestamp="2025-07-04T17:55:24 BRT">
  <testcase classname="tests.breeds.BreedsTest" name="testBreedListContainsKnownBreeds" time="2.784"/>
  <testcase classname="tests.breeds.BreedsTest" name="testResponseStructure" time="0.505"/>
  <testcase classname="tests.breeds.BreedsTest" name="testResponseTime" time="0.495"/>
  <testcase classname="tests.breeds.BreedsTest" name="testStatusCodeIs200" time="0.524"/>
  <testcase classname="tests.Images.BreedImagesTest" name="testAllImageUrlsAreValid" time="0.511"/>
  <testcase classname="tests.Images.BreedImagesTest" name="testInvalidBreedReturnsError" time="0.453"/>
  <testcase classname="tests.Images.BreedImagesTest" name="testResponseTime" time="0.474"/>
  <testcase classname="tests.Images.BreedImagesTest" name="testValidBreedReturnsImages" time="0.601"/>
  <testcase classname="tests.Images.RandomImageTest" name="testImageIsDifferentOnMultipleCalls" time="0.945"/>
  <testcase classname="tests.Images.RandomImageTest" name="testImageUrlIsValid" time="0.476"/>
  <testcase classname="tests.Images.RandomImageTest" name="testRandomImageStatusCode" time="0.447"/>
  <testcase classname="tests.Images.RandomImageTest" name="testRandomImageStructure" time="0.31"/>
  <testcase classname="tests.Images.RandomImageTest" name="testResponseTime" time="0.473"/>
</testsuite> <!-- Surefire test -->
