<?xml version="1.0" encoding="UTF-8"?>
<testsuite xmlns:xsi="http://www.w3.org/2001/XMLSchema-instance" xsi:noNamespaceSchemaLocation="https://maven.apache.org/surefire/maven-surefire-plugin/xsd/surefire-test-report-3.0.xsd" version="3.0" name="TestSuite" time="11.078" tests="13" errors="0" skipped="0" failures="0">
  <properties>
[...]
</properties>
  <testcase name="testBreedListContainsKnownBreeds" classname="tests.breeds.BreedsTest" time="2.876">
    <system-out><![CDATA[HTTP/1.1 200 OK
Date: Fri, 04 Jul 2025 20:58:58 GMT
Content-Type: application/json
Content-Length: 1035
Connection: keep-alive
Server: cloudflare
X-Powered-By: PHP/8.1.32
Access-Control-Allow-Origin: *
Content-Encoding: gzip
Via: 1.1 varnish (Varnish/6.3), 1.1 varnish (Varnish/6.3)
Cache-Control: max-age=1800
X-Cache-Age: 18585
X-Cache-Hits: 2174
X-Cache: HIT
Accept-Ranges: bytes
Age: 0
Vary: Accept-Encoding
Nel: {"report_to":"cf-nel","success_fraction":0.0,"max_age":604800}
Cf-Cache-Status: DYNAMIC
Report-To: {"group":"cf-nel","max_age":604800,"endpoints":[{"url":"https://a.nel.cloudflare.com/report/v4?s=6uGQGq9AXWXLi73B%2BlKajNaDHeOJrfvQNORaZb9LZsY5mtRHJfglokxIl2xEIh4d3N7xsd0ocXW24S0mI3gsgqWSbIw6ARM%3D"}]}
CF-RAY: 95a18b2f1ca2627c-GRU
alt-svc: h3=":443"; ma=86400

{
    "message": {
        "affenpinscher": [
            
        ],
        "african": [
            
        ],
        "airedale": [
            
        ],
        "akita": [
            
        ],
        "appenzeller": [
            
        ],
        "australian": [
            "kelpie",
            "shepherd"
        ],
        "bakharwal": [
            "indian"
        ],
        "basenji": [
            
        ],
        "beagle": [
            
        ],
        "bluetick": [
            
        ],
        "borzoi": [
            
        ],
        "bouvier": [
            
        ],
        "boxer": [
            
        ],
        "brabancon": [
            
        ],
        "briard": [
            
        ],
        "buhund": [
            "norwegian"
        ],
        "bulldog": [
            "boston",
            "english",
            "french"
        ],
        "bullterrier": [
            "staffordshire"
        ],
        "cattledog": [
            "australian"
        ],
        "cavapoo": [
            
        ],
        "chihuahua": [
            
        ],
        "chippiparai": [
            "indian"
        ],
        "chow": [
            
        ],
        "clumber": [
            
        ],
        "cockapoo": [
            
        ],
        "collie": [
            "border"
        ],
        "coonhound": [
            
        ],
        "corgi": [
            "cardigan"
        ],
        "cotondetulear": [
            
        ],
        "dachshund": [
            
        ],
        "dalmatian": [
            
        ],
        "dane": [
            "great"
        ],
        "danish": [
            "swedish"
        ],
        "deerhound": [
            "scottish"
        ],
        "dhole": [
            
        ],
        "dingo": [
            
        ],
        "doberman": [
            
        ],
        "elkhound": [
            "norwegian"
        ],
        "entlebucher": [
            
        ],
        "eskimo": [
            
        ],
        "finnish": [
            "lapphund"
        ],
        "frise": [
            "bichon"
        ],
        "gaddi": [
            "indian"
        ],
        "germanshepherd": [
            
        ],
        "greyhound": [
            "indian",
            "italian"
        ],
        "groenendael": [
            
        ],
        "havanese": [
            
        ],
        "hound": [
            "afghan",
            "basset",
            "blood",
            "english",
            "ibizan",
            "plott",
            "walker"
        ],
        "husky": [
            
        ],
        "keeshond": [
            
        ],
        "kelpie": [
            
        ],
        "kombai": [
            
        ],
        "komondor": [
            
        ],
        "kuvasz": [
            
        ],
        "labradoodle": [
            
        ],
        "labrador": [
            
        ],
        "leonberg": [
            
        ],
        "lhasa": [
            
        ],
        "malamute": [
            
        ],
        "malinois": [
            
        ],
        "maltese": [
            
        ],
        "mastiff": [
            "bull",
            "english",
            "indian",
            "tibetan"
        ],
        "mexicanhairless": [
            
        ],
        "mix": [
            
        ],
        "mountain": [
            "bernese",
            "swiss"
        ],
        "mudhol": [
            "indian"
        ],
        "newfoundland": [
            
        ],
        "otterhound": [
            
        ],
        "ovcharka": [
            "caucasian"
        ],
        "papillon": [
            
        ],
        "pariah": [
            "indian"
        ],
        "pekinese": [
            
        ],
        "pembroke": [
            
        ],
        "pinscher": [
            "miniature"
        ],
        "pitbull": [
            
        ],
        "pointer": [
            "german",
            "germanlonghair"
        ],
        "pomeranian": [
            
        ],
        "poodle": [
            "medium",
            "miniature",
            "standard",
            "toy"
        ],
        "pug": [
            
        ],
        "puggle": [
            
        ],
        "pyrenees": [
            
        ],
        "rajapalayam": [
            "indian"
        ],
        "redbone": [
            
        ],
        "retriever": [
            "chesapeake",
            "curly",
            "flatcoated",
            "golden"
        ],
        "ridgeback": [
            "rhodesian"
        ],
        "rottweiler": [
            
        ],
        "saluki": [
            
        ],
        "samoyed": [
            
        ],
        "schipperke": [
            
        ],
        "schnauzer": [
            "giant",
            "miniature"
        ],
        "segugio": [
            "italian"
        ],
        "setter": [
            "english",
            "gordon",
            "irish"
        ],
        "sharpei": [
            
        ],
        "sheepdog": [
            "english",
            "indian",
            "shetland"
        ],
        "shiba": [
            
        ],
        "shihtzu": [
            
        ],
        "spaniel": [
            "blenheim",
            "brittany",
            "cocker",
            "irish",
            "japanese",
            "sussex",
            "welsh"
        ],
        "spitz": [
            "indian",
            "japanese"
        ],
        "springer": [
            "english"
        ],
        "stbernard": [
            
        ],
        "terrier": [
            "american",
            "australian",
            "bedlington",
            "border",
            "cairn",
            "dandie",
            "fox",
            "irish",
            "kerryblue",
            "lakeland",
            "norfolk",
            "norwich",
            "patterdale",
            "russell",
            "scottish",
            "sealyham",
            "silky",
            "tibetan",
            "toy",
            "welsh",
            "westhighland",
            "wheaten",
            "yorkshire"
        ],
        "tervuren": [
            
        ],
        "vizsla": [
            
        ],
        "waterdog": [
            "spanish"
        ],
        "weimaraner": [
            
        ],
        "whippet": [
            
        ],
        "wolfhound": [
            "irish"
        ]
    },
    "status": "success"
}
]]></system-out>
    <system-err><![CDATA[SLF4J: Failed to load class "org.slf4j.impl.StaticLoggerBinder".
SLF4J: Defaulting to no-operation (NOP) logger implementation
SLF4J: See http://www.slf4j.org/codes.html#StaticLoggerBinder for further details.
]]></system-err>
  </testcase>
  <testcase name="testResponseStructure" classname="tests.breeds.BreedsTest" time="0.524">
    <system-out><![CDATA[HTTP/1.1 200 OK
Date: Fri, 04 Jul 2025 20:58:59 GMT
Content-Type: application/json
Content-Length: 1035
Connection: keep-alive
Server: cloudflare
X-Powered-By: PHP/8.1.32
Access-Control-Allow-Origin: *
Content-Encoding: gzip
Via: 1.1 varnish (Varnish/6.3), 1.1 varnish (Varnish/6.3)
Cache-Control: max-age=1800
X-Cache-Age: 18587
X-Cache-Hits: 2175
X-Cache: HIT
Accept-Ranges: bytes
Age: 0
Vary: Accept-Encoding
Nel: {"report_to":"cf-nel","success_fraction":0.0,"max_age":604800}
Cf-Cache-Status: DYNAMIC
Report-To: {"group":"cf-nel","max_age":604800,"endpoints":[{"url":"https://a.nel.cloudflare.com/report/v4?s=kS3yhVljH1jFi84fPOUgVY3YWabnblt6hrsGkdUraHXOqs2dTskJLLy2WV1tUgTWA5tgckTXofl3qbsD781%2FcIi6BIwSmtI%3D"}]}
CF-RAY: 95a18b374915f1d5-GRU
alt-svc: h3=":443"; ma=86400

{
    "message": {
        "affenpinscher": [
            
        ],
        "african": [
            
        ],
        "airedale": [
            
        ],
        "akita": [
            
        ],
        "appenzeller": [
            
        ],
        "australian": [
            "kelpie",
            "shepherd"
        ],
        "bakharwal": [
            "indian"
        ],
        "basenji": [
            
        ],
        "beagle": [
            
        ],
        "bluetick": [
            
        ],
        "borzoi": [
            
        ],
        "bouvier": [
            
        ],
        "boxer": [
            
        ],
        "brabancon": [
            
        ],
        "briard": [
            
        ],
        "buhund": [
            "norwegian"
        ],
        "bulldog": [
            "boston",
            "english",
            "french"
        ],
        "bullterrier": [
            "staffordshire"
        ],
        "cattledog": [
            "australian"
        ],
        "cavapoo": [
            
        ],
        "chihuahua": [
            
        ],
        "chippiparai": [
            "indian"
        ],
        "chow": [
            
        ],
        "clumber": [
            
        ],
        "cockapoo": [
            
        ],
        "collie": [
            "border"
        ],
        "coonhound": [
            
        ],
        "corgi": [
            "cardigan"
        ],
        "cotondetulear": [
            
        ],
        "dachshund": [
            
        ],
        "dalmatian": [
            
        ],
        "dane": [
            "great"
        ],
        "danish": [
            "swedish"
        ],
        "deerhound": [
            "scottish"
        ],
        "dhole": [
            
        ],
        "dingo": [
            
        ],
        "doberman": [
            
        ],
        "elkhound": [
            "norwegian"
        ],
        "entlebucher": [
            
        ],
        "eskimo": [
            
        ],
        "finnish": [
            "lapphund"
        ],
        "frise": [
            "bichon"
        ],
        "gaddi": [
            "indian"
        ],
        "germanshepherd": [
            
        ],
        "greyhound": [
            "indian",
            "italian"
        ],
        "groenendael": [
            
        ],
        "havanese": [
            
        ],
        "hound": [
            "afghan",
            "basset",
            "blood",
            "english",
            "ibizan",
            "plott",
            "walker"
        ],
        "husky": [
            
        ],
        "keeshond": [
            
        ],
        "kelpie": [
            
        ],
        "kombai": [
            
        ],
        "komondor": [
            
        ],
        "kuvasz": [
            
        ],
        "labradoodle": [
            
        ],
        "labrador": [
            
        ],
        "leonberg": [
            
        ],
        "lhasa": [
            
        ],
        "malamute": [
            
        ],
        "malinois": [
            
        ],
        "maltese": [
            
        ],
        "mastiff": [
            "bull",
            "english",
            "indian",
            "tibetan"
        ],
        "mexicanhairless": [
            
        ],
        "mix": [
            
        ],
        "mountain": [
            "bernese",
            "swiss"
        ],
        "mudhol": [
            "indian"
        ],
        "newfoundland": [
            
        ],
        "otterhound": [
            
        ],
        "ovcharka": [
            "caucasian"
        ],
        "papillon": [
            
        ],
        "pariah": [
            "indian"
        ],
        "pekinese": [
            
        ],
        "pembroke": [
            
        ],
        "pinscher": [
            "miniature"
        ],
        "pitbull": [
            
        ],
        "pointer": [
            "german",
            "germanlonghair"
        ],
        "pomeranian": [
            
        ],
        "poodle": [
            "medium",
            "miniature",
            "standard",
            "toy"
        ],
        "pug": [
            
        ],
        "puggle": [
            
        ],
        "pyrenees": [
            
        ],
        "rajapalayam": [
            "indian"
        ],
        "redbone": [
            
        ],
        "retriever": [
            "chesapeake",
            "curly",
            "flatcoated",
            "golden"
        ],
        "ridgeback": [
            "rhodesian"
        ],
        "rottweiler": [
            
        ],
        "saluki": [
            
        ],
        "samoyed": [
            
        ],
        "schipperke": [
            
        ],
        "schnauzer": [
            "giant",
            "miniature"
        ],
        "segugio": [
            "italian"
        ],
        "setter": [
            "english",
            "gordon",
            "irish"
        ],
        "sharpei": [
            
        ],
        "sheepdog": [
            "english",
            "indian",
            "shetland"
        ],
        "shiba": [
            
        ],
        "shihtzu": [
            
        ],
        "spaniel": [
            "blenheim",
            "brittany",
            "cocker",
            "irish",
            "japanese",
            "sussex",
            "welsh"
        ],
        "spitz": [
            "indian",
            "japanese"
        ],
        "springer": [
            "english"
        ],
        "stbernard": [
            
        ],
        "terrier": [
            "american",
            "australian",
            "bedlington",
            "border",
            "cairn",
            "dandie",
            "fox",
            "irish",
            "kerryblue",
            "lakeland",
            "norfolk",
            "norwich",
            "patterdale",
            "russell",
            "scottish",
            "sealyham",
            "silky",
            "tibetan",
            "toy",
            "welsh",
            "westhighland",
            "wheaten",
            "yorkshire"
        ],
        "tervuren": [
            
        ],
        "vizsla": [
            
        ],
        "waterdog": [
            "spanish"
        ],
        "weimaraner": [
            
        ],
        "whippet": [
            
        ],
        "wolfhound": [
            "irish"
        ]
    },
    "status": "success"
}
]]></system-out>
  </testcase>
  <testcase name="testResponseTime" classname="tests.breeds.BreedsTest" time="0.496">
    <system-out><![CDATA[HTTP/1.1 200 OK
Date: Fri, 04 Jul 2025 20:59:00 GMT
Content-Type: application/json
Content-Length: 1035
Connection: keep-alive
Server: cloudflare
X-Powered-By: PHP/8.1.32
Access-Control-Allow-Origin: *
Content-Encoding: gzip
Via: 1.1 varnish (Varnish/6.3), 1.1 varnish (Varnish/6.3)
Cache-Control: max-age=1800
X-Cache-Age: 18587
X-Cache-Hits: 2176
X-Cache: HIT
Accept-Ranges: bytes
Age: 0
Vary: Accept-Encoding
Nel: {"report_to":"cf-nel","success_fraction":0.0,"max_age":604800}
Cf-Cache-Status: DYNAMIC
Report-To: {"group":"cf-nel","max_age":604800,"endpoints":[{"url":"https://a.nel.cloudflare.com/report/v4?s=B5R6rNTdu5bHxobNycWSThTVBNzpEu0QPav7A%2FJ7SBRIbdighwOIWbdKOulKcUuJgSpWJ0hEc3IoOL3g7mlPsshoJEl%2Bp0I%3D"}]}
CF-RAY: 95a18b3a9c7ff17f-GRU
alt-svc: h3=":443"; ma=86400

{
    "message": {
        "affenpinscher": [
            
        ],
        "african": [
            
        ],
        "airedale": [
            
        ],
        "akita": [
            
        ],
        "appenzeller": [
            
        ],
        "australian": [
            "kelpie",
            "shepherd"
        ],
        "bakharwal": [
            "indian"
        ],
        "basenji": [
            
        ],
        "beagle": [
            
        ],
        "bluetick": [
            
        ],
        "borzoi": [
            
        ],
        "bouvier": [
            
        ],
        "boxer": [
            
        ],
        "brabancon": [
            
        ],
        "briard": [
            
        ],
        "buhund": [
            "norwegian"
        ],
        "bulldog": [
            "boston",
            "english",
            "french"
        ],
        "bullterrier": [
            "staffordshire"
        ],
        "cattledog": [
            "australian"
        ],
        "cavapoo": [
            
        ],
        "chihuahua": [
            
        ],
        "chippiparai": [
            "indian"
        ],
        "chow": [
            
        ],
        "clumber": [
            
        ],
        "cockapoo": [
            
        ],
        "collie": [
            "border"
        ],
        "coonhound": [
            
        ],
        "corgi": [
            "cardigan"
        ],
        "cotondetulear": [
            
        ],
        "dachshund": [
            
        ],
        "dalmatian": [
            
        ],
        "dane": [
            "great"
        ],
        "danish": [
            "swedish"
        ],
        "deerhound": [
            "scottish"
        ],
        "dhole": [
            
        ],
        "dingo": [
            
        ],
        "doberman": [
            
        ],
        "elkhound": [
            "norwegian"
        ],
        "entlebucher": [
            
        ],
        "eskimo": [
            
        ],
        "finnish": [
            "lapphund"
        ],
        "frise": [
            "bichon"
        ],
        "gaddi": [
            "indian"
        ],
        "germanshepherd": [
            
        ],
        "greyhound": [
            "indian",
            "italian"
        ],
        "groenendael": [
            
        ],
        "havanese": [
            
        ],
        "hound": [
            "afghan",
            "basset",
            "blood",
            "english",
            "ibizan",
            "plott",
            "walker"
        ],
        "husky": [
            
        ],
        "keeshond": [
            
        ],
        "kelpie": [
            
        ],
        "kombai": [
            
        ],
        "komondor": [
            
        ],
        "kuvasz": [
            
        ],
        "labradoodle": [
            
        ],
        "labrador": [
            
        ],
        "leonberg": [
            
        ],
        "lhasa": [
            
        ],
        "malamute": [
            
        ],
        "malinois": [
            
        ],
        "maltese": [
            
        ],
        "mastiff": [
            "bull",
            "english",
            "indian",
            "tibetan"
        ],
        "mexicanhairless": [
            
        ],
        "mix": [
            
        ],
        "mountain": [
            "bernese",
            "swiss"
        ],
        "mudhol": [
            "indian"
        ],
        "newfoundland": [
            
        ],
        "otterhound": [
            
        ],
        "ovcharka": [
            "caucasian"
        ],
        "papillon": [
            
        ],
        "pariah": [
            "indian"
        ],
        "pekinese": [
            
        ],
        "pembroke": [
            
        ],
        "pinscher": [
            "miniature"
        ],
        "pitbull": [
            
        ],
        "pointer": [
            "german",
            "germanlonghair"
        ],
        "pomeranian": [
            
        ],
        "poodle": [
            "medium",
            "miniature",
            "standard",
            "toy"
        ],
        "pug": [
            
        ],
        "puggle": [
            
        ],
        "pyrenees": [
            
        ],
        "rajapalayam": [
            "indian"
        ],
        "redbone": [
            
        ],
        "retriever": [
            "chesapeake",
            "curly",
            "flatcoated",
            "golden"
        ],
        "ridgeback": [
            "rhodesian"
        ],
        "rottweiler": [
            
        ],
        "saluki": [
            
        ],
        "samoyed": [
            
        ],
        "schipperke": [
            
        ],
        "schnauzer": [
            "giant",
            "miniature"
        ],
        "segugio": [
            "italian"
        ],
        "setter": [
            "english",
            "gordon",
            "irish"
        ],
        "sharpei": [
            
        ],
        "sheepdog": [
            "english",
            "indian",
            "shetland"
        ],
        "shiba": [
            
        ],
        "shihtzu": [
            
        ],
        "spaniel": [
            "blenheim",
            "brittany",
            "cocker",
            "irish",
            "japanese",
            "sussex",
            "welsh"
        ],
        "spitz": [
            "indian",
            "japanese"
        ],
        "springer": [
            "english"
        ],
        "stbernard": [
            
        ],
        "terrier": [
            "american",
            "australian",
            "bedlington",
            "border",
            "cairn",
            "dandie",
            "fox",
            "irish",
            "kerryblue",
            "lakeland",
            "norfolk",
            "norwich",
            "patterdale",
            "russell",
            "scottish",
            "sealyham",
            "silky",
            "tibetan",
            "toy",
            "welsh",
            "westhighland",
            "wheaten",
            "yorkshire"
        ],
        "tervuren": [
            
        ],
        "vizsla": [
            
        ],
        "waterdog": [
            "spanish"
        ],
        "weimaraner": [
            
        ],
        "whippet": [
            
        ],
        "wolfhound": [
            "irish"
        ]
    },
    "status": "success"
}
]]></system-out>
  </testcase>
  <testcase name="testStatusCodeIs200" classname="tests.breeds.BreedsTest" time="0.53">
    <system-out><![CDATA[HTTP/1.1 200 OK
Date: Fri, 04 Jul 2025 20:59:00 GMT
Content-Type: application/json
Content-Length: 1035
Connection: keep-alive
Server: cloudflare
X-Powered-By: PHP/8.1.32
Access-Control-Allow-Origin: *
Content-Encoding: gzip
Via: 1.1 varnish (Varnish/6.3), 1.1 varnish (Varnish/6.3)
Cache-Control: max-age=1800
X-Cache-Age: 18588
X-Cache-Hits: 2177
X-Cache: HIT
Accept-Ranges: bytes
Age: 0
Vary: Accept-Encoding
Nel: {"report_to":"cf-nel","success_fraction":0.0,"max_age":604800}
Cf-Cache-Status: DYNAMIC
Report-To: {"group":"cf-nel","max_age":604800,"endpoints":[{"url":"https://a.nel.cloudflare.com/report/v4?s=87Vq6C5IagqNJc9BdXRKq08bIyT9nkq4vjwkXASYJ%2BAfNRI5cM9UC6yyoHS8EV2SLIFgU2%2BTjpewA%2BjBlYsCuSxEjL09Cxc%3D"}]}
CF-RAY: 95a18b3dccdbf19e-GRU
alt-svc: h3=":443"; ma=86400

{
    "message": {
        "affenpinscher": [
            
        ],
        "african": [
            
        ],
        "airedale": [
            
        ],
        "akita": [
            
        ],
        "appenzeller": [
            
        ],
        "australian": [
            "kelpie",
            "shepherd"
        ],
        "bakharwal": [
            "indian"
        ],
        "basenji": [
            
        ],
        "beagle": [
            
        ],
        "bluetick": [
            
        ],
        "borzoi": [
            
        ],
        "bouvier": [
            
        ],
        "boxer": [
            
        ],
        "brabancon": [
            
        ],
        "briard": [
            
        ],
        "buhund": [
            "norwegian"
        ],
        "bulldog": [
            "boston",
            "english",
            "french"
        ],
        "bullterrier": [
            "staffordshire"
        ],
        "cattledog": [
            "australian"
        ],
        "cavapoo": [
            
        ],
        "chihuahua": [
            
        ],
        "chippiparai": [
            "indian"
        ],
        "chow": [
            
        ],
        "clumber": [
            
        ],
        "cockapoo": [
            
        ],
        "collie": [
            "border"
        ],
        "coonhound": [
            
        ],
        "corgi": [
            "cardigan"
        ],
        "cotondetulear": [
            
        ],
        "dachshund": [
            
        ],
        "dalmatian": [
            
        ],
        "dane": [
            "great"
        ],
        "danish": [
            "swedish"
        ],
        "deerhound": [
            "scottish"
        ],
        "dhole": [
            
        ],
        "dingo": [
            
        ],
        "doberman": [
            
        ],
        "elkhound": [
            "norwegian"
        ],
        "entlebucher": [
            
        ],
        "eskimo": [
            
        ],
        "finnish": [
            "lapphund"
        ],
        "frise": [
            "bichon"
        ],
        "gaddi": [
            "indian"
        ],
        "germanshepherd": [
            
        ],
        "greyhound": [
            "indian",
            "italian"
        ],
        "groenendael": [
            
        ],
        "havanese": [
            
        ],
        "hound": [
            "afghan",
            "basset",
            "blood",
            "english",
            "ibizan",
            "plott",
            "walker"
        ],
        "husky": [
            
        ],
        "keeshond": [
            
        ],
        "kelpie": [
            
        ],
        "kombai": [
            
        ],
        "komondor": [
            
        ],
        "kuvasz": [
            
        ],
        "labradoodle": [
            
        ],
        "labrador": [
            
        ],
        "leonberg": [
            
        ],
        "lhasa": [
            
        ],
        "malamute": [
            
        ],
        "malinois": [
            
        ],
        "maltese": [
            
        ],
        "mastiff": [
            "bull",
            "english",
            "indian",
            "tibetan"
        ],
        "mexicanhairless": [
            
        ],
        "mix": [
            
        ],
        "mountain": [
            "bernese",
            "swiss"
        ],
        "mudhol": [
            "indian"
        ],
        "newfoundland": [
            
        ],
        "otterhound": [
            
        ],
        "ovcharka": [
            "caucasian"
        ],
        "papillon": [
            
        ],
        "pariah": [
            "indian"
        ],
        "pekinese": [
            
        ],
        "pembroke": [
            
        ],
        "pinscher": [
            "miniature"
        ],
        "pitbull": [
            
        ],
        "pointer": [
            "german",
            "germanlonghair"
        ],
        "pomeranian": [
            
        ],
        "poodle": [
            "medium",
            "miniature",
            "standard",
            "toy"
        ],
        "pug": [
            
        ],
        "puggle": [
            
        ],
        "pyrenees": [
            
        ],
        "rajapalayam": [
            "indian"
        ],
        "redbone": [
            
        ],
        "retriever": [
            "chesapeake",
            "curly",
            "flatcoated",
            "golden"
        ],
        "ridgeback": [
            "rhodesian"
        ],
        "rottweiler": [
            
        ],
        "saluki": [
            
        ],
        "samoyed": [
            
        ],
        "schipperke": [
            
        ],
        "schnauzer": [
            "giant",
            "miniature"
        ],
        "segugio": [
            "italian"
        ],
        "setter": [
            "english",
            "gordon",
            "irish"
        ],
        "sharpei": [
            
        ],
        "sheepdog": [
            "english",
            "indian",
            "shetland"
        ],
        "shiba": [
            
        ],
        "shihtzu": [
            
        ],
        "spaniel": [
            "blenheim",
            "brittany",
            "cocker",
            "irish",
            "japanese",
            "sussex",
            "welsh"
        ],
        "spitz": [
            "indian",
            "japanese"
        ],
        "springer": [
            "english"
        ],
        "stbernard": [
            
        ],
        "terrier": [
            "american",
            "australian",
            "bedlington",
            "border",
            "cairn",
            "dandie",
            "fox",
            "irish",
            "kerryblue",
            "lakeland",
            "norfolk",
            "norwich",
            "patterdale",
            "russell",
            "scottish",
            "sealyham",
            "silky",
            "tibetan",
            "toy",
            "welsh",
            "westhighland",
            "wheaten",
            "yorkshire"
        ],
        "tervuren": [
            
        ],
        "vizsla": [
            
        ],
        "waterdog": [
            "spanish"
        ],
        "weimaraner": [
            
        ],
        "whippet": [
            
        ],
        "wolfhound": [
            "irish"
        ]
    },
    "status": "success"
}
]]></system-out>
  </testcase>
  <testcase name="testAllImageUrlsAreValid" classname="tests.Images.BreedImagesTest" time="0.506">
    <system-out><![CDATA[HTTP/1.1 200 OK
Date: Fri, 04 Jul 2025 20:59:01 GMT
Content-Type: application/json
Content-Length: 621
Connection: keep-alive
Server: cloudflare
X-Powered-By: PHP/8.1.32
Access-Control-Allow-Origin: *
Content-Encoding: gzip
Via: 1.1 varnish (Varnish/6.3), 1.1 varnish (Varnish/6.3)
Cache-Control: max-age=1800
X-Cache-Age: 9692
X-Cache-Hits: 11
X-Cache: HIT
Accept-Ranges: bytes
Age: 0
Vary: Accept-Encoding
Nel: {"report_to":"cf-nel","success_fraction":0.0,"max_age":604800}
Cf-Cache-Status: DYNAMIC
Report-To: {"group":"cf-nel","max_age":604800,"endpoints":[{"url":"https://a.nel.cloudflare.com/report/v4?s=u9qU7CnEYGZRyB9DEpYoLCGl5d9wMuq%2FFgJBWHIqrKDtShDcy5lq62NaWmA%2BZVHLvkPzFCJqQsRy2GOI%2B7kFgv44GYN%2Bpt0%3D"}]}
CF-RAY: 95a18b40e9466ea8-GRU
alt-svc: h3=":443"; ma=86400

{
    "message": [
        "https://images.dog.ceo/breeds/boxer/28082007167-min.jpg",
        "https://images.dog.ceo/breeds/boxer/IMG_0002.jpg",
        "https://images.dog.ceo/breeds/boxer/IMG_3394.jpg",
        "https://images.dog.ceo/breeds/boxer/n02108089_1.jpg",
        "https://images.dog.ceo/breeds/boxer/n02108089_1003.jpg",
        "https://images.dog.ceo/breeds/boxer/n02108089_10229.jpg",
        "https://images.dog.ceo/breeds/boxer/n02108089_1031.jpg",
        "https://images.dog.ceo/breeds/boxer/n02108089_1072.jpg",
        "https://images.dog.ceo/breeds/boxer/n02108089_10774.jpg",
        "https://images.dog.ceo/breeds/boxer/n02108089_10901.jpg",
        "https://images.dog.ceo/breeds/boxer/n02108089_10939.jpg",
        "https://images.dog.ceo/breeds/boxer/n02108089_11001.jpg",
        "https://images.dog.ceo/breeds/boxer/n02108089_11032.jpg",
        "https://images.dog.ceo/breeds/boxer/n02108089_1104.jpg",
        "https://images.dog.ceo/breeds/boxer/n02108089_11074.jpg",
        "https://images.dog.ceo/breeds/boxer/n02108089_11122.jpg",
        "https://images.dog.ceo/breeds/boxer/n02108089_11154.jpg",
        "https://images.dog.ceo/breeds/boxer/n02108089_1159.jpg",
        "https://images.dog.ceo/breeds/boxer/n02108089_11616.jpg",
        "https://images.dog.ceo/breeds/boxer/n02108089_11687.jpg",
        "https://images.dog.ceo/breeds/boxer/n02108089_117.jpg",
        "https://images.dog.ceo/breeds/boxer/n02108089_11807.jpg",
        "https://images.dog.ceo/breeds/boxer/n02108089_11875.jpg",
        "https://images.dog.ceo/breeds/boxer/n02108089_122.jpg",
        "https://images.dog.ceo/breeds/boxer/n02108089_12232.jpg",
        "https://images.dog.ceo/breeds/boxer/n02108089_125.jpg",
        "https://images.dog.ceo/breeds/boxer/n02108089_12738.jpg",
        "https://images.dog.ceo/breeds/boxer/n02108089_12739.jpg",
        "https://images.dog.ceo/breeds/boxer/n02108089_13340.jpg",
        "https://images.dog.ceo/breeds/boxer/n02108089_13526.jpg",
        "https://images.dog.ceo/breeds/boxer/n02108089_1353.jpg",
        "https://images.dog.ceo/breeds/boxer/n02108089_1355.jpg",
        "https://images.dog.ceo/breeds/boxer/n02108089_1357.jpg",
        "https://images.dog.ceo/breeds/boxer/n02108089_1367.jpg",
        "https://images.dog.ceo/breeds/boxer/n02108089_13738.jpg",
        "https://images.dog.ceo/breeds/boxer/n02108089_13839.jpg",
        "https://images.dog.ceo/breeds/boxer/n02108089_13898.jpg",
        "https://images.dog.ceo/breeds/boxer/n02108089_14074.jpg",
        "https://images.dog.ceo/breeds/boxer/n02108089_1410.jpg",
        "https://images.dog.ceo/breeds/boxer/n02108089_14112.jpg",
        "https://images.dog.ceo/breeds/boxer/n02108089_1418.jpg",
        "https://images.dog.ceo/breeds/boxer/n02108089_14659.jpg",
        "https://images.dog.ceo/breeds/boxer/n02108089_14719.jpg",
        "https://images.dog.ceo/breeds/boxer/n02108089_149.jpg",
        "https://images.dog.ceo/breeds/boxer/n02108089_1511.jpg",
        "https://images.dog.ceo/breeds/boxer/n02108089_15432.jpg",
        "https://images.dog.ceo/breeds/boxer/n02108089_1560.jpg",
        "https://images.dog.ceo/breeds/boxer/n02108089_15702.jpg",
        "https://images.dog.ceo/breeds/boxer/n02108089_1571.jpg",
        "https://images.dog.ceo/breeds/boxer/n02108089_1575.jpg",
        "https://images.dog.ceo/breeds/boxer/n02108089_1619.jpg",
        "https://images.dog.ceo/breeds/boxer/n02108089_1626.jpg",
        "https://images.dog.ceo/breeds/boxer/n02108089_1654.jpg",
        "https://images.dog.ceo/breeds/boxer/n02108089_1672.jpg",
        "https://images.dog.ceo/breeds/boxer/n02108089_1675.jpg",
        "https://images.dog.ceo/breeds/boxer/n02108089_1690.jpg",
        "https://images.dog.ceo/breeds/boxer/n02108089_1748.jpg",
        "https://images.dog.ceo/breeds/boxer/n02108089_1757.jpg",
        "https://images.dog.ceo/breeds/boxer/n02108089_1775.jpg",
        "https://images.dog.ceo/breeds/boxer/n02108089_1859.jpg",
        "https://images.dog.ceo/breeds/boxer/n02108089_1956.jpg",
        "https://images.dog.ceo/breeds/boxer/n02108089_2007.jpg",
        "https://images.dog.ceo/breeds/boxer/n02108089_2056.jpg",
        "https://images.dog.ceo/breeds/boxer/n02108089_2106.jpg",
        "https://images.dog.ceo/breeds/boxer/n02108089_2355.jpg",
        "https://images.dog.ceo/breeds/boxer/n02108089_2360.jpg",
        "https://images.dog.ceo/breeds/boxer/n02108089_2367.jpg",
        "https://images.dog.ceo/breeds/boxer/n02108089_2432.jpg",
        "https://images.dog.ceo/breeds/boxer/n02108089_2482.jpg",
        "https://images.dog.ceo/breeds/boxer/n02108089_2526.jpg",
        "https://images.dog.ceo/breeds/boxer/n02108089_2608.jpg",
        "https://images.dog.ceo/breeds/boxer/n02108089_2653.jpg",
        "https://images.dog.ceo/breeds/boxer/n02108089_2670.jpg",
        "https://images.dog.ceo/breeds/boxer/n02108089_268.jpg",
        "https://images.dog.ceo/breeds/boxer/n02108089_2718.jpg",
        "https://images.dog.ceo/breeds/boxer/n02108089_2723.jpg",
        "https://images.dog.ceo/breeds/boxer/n02108089_2740.jpg",
        "https://images.dog.ceo/breeds/boxer/n02108089_2741.jpg",
        "https://images.dog.ceo/breeds/boxer/n02108089_2791.jpg",
        "https://images.dog.ceo/breeds/boxer/n02108089_2796.jpg",
        "https://images.dog.ceo/breeds/boxer/n02108089_2815.jpg",
        "https://images.dog.ceo/breeds/boxer/n02108089_2831.jpg",
        "https://images.dog.ceo/breeds/boxer/n02108089_2917.jpg",
        "https://images.dog.ceo/breeds/boxer/n02108089_2953.jpg",
        "https://images.dog.ceo/breeds/boxer/n02108089_3028.jpg",
        "https://images.dog.ceo/breeds/boxer/n02108089_3162.jpg",
        "https://images.dog.ceo/breeds/boxer/n02108089_3236.jpg",
        "https://images.dog.ceo/breeds/boxer/n02108089_3258.jpg",
        "https://images.dog.ceo/breeds/boxer/n02108089_3269.jpg",
        "https://images.dog.ceo/breeds/boxer/n02108089_3365.jpg",
        "https://images.dog.ceo/breeds/boxer/n02108089_3395.jpg",
        "https://images.dog.ceo/breeds/boxer/n02108089_3400.jpg",
        "https://images.dog.ceo/breeds/boxer/n02108089_3412.jpg",
        "https://images.dog.ceo/breeds/boxer/n02108089_3547.jpg",
        "https://images.dog.ceo/breeds/boxer/n02108089_3557.jpg",
        "https://images.dog.ceo/breeds/boxer/n02108089_3669.jpg",
        "https://images.dog.ceo/breeds/boxer/n02108089_3899.jpg",
        "https://images.dog.ceo/breeds/boxer/n02108089_395.jpg",
        "https://images.dog.ceo/breeds/boxer/n02108089_4002.jpg",
        "https://images.dog.ceo/breeds/boxer/n02108089_4042.jpg",
        "https://images.dog.ceo/breeds/boxer/n02108089_4076.jpg",
        "https://images.dog.ceo/breeds/boxer/n02108089_4119.jpg",
        "https://images.dog.ceo/breeds/boxer/n02108089_4158.jpg",
        "https://images.dog.ceo/breeds/boxer/n02108089_4440.jpg",
        "https://images.dog.ceo/breeds/boxer/n02108089_4486.jpg",
        "https://images.dog.ceo/breeds/boxer/n02108089_4681.jpg",
        "https://images.dog.ceo/breeds/boxer/n02108089_4730.jpg",
        "https://images.dog.ceo/breeds/boxer/n02108089_485.jpg",
        "https://images.dog.ceo/breeds/boxer/n02108089_4865.jpg",
        "https://images.dog.ceo/breeds/boxer/n02108089_4989.jpg",
        "https://images.dog.ceo/breeds/boxer/n02108089_5043.jpg",
        "https://images.dog.ceo/breeds/boxer/n02108089_522.jpg",
        "https://images.dog.ceo/breeds/boxer/n02108089_5266.jpg",
        "https://images.dog.ceo/breeds/boxer/n02108089_530.jpg",
        "https://images.dog.ceo/breeds/boxer/n02108089_5301.jpg",
        "https://images.dog.ceo/breeds/boxer/n02108089_540.jpg",
        "https://images.dog.ceo/breeds/boxer/n02108089_5423.jpg",
        "https://images.dog.ceo/breeds/boxer/n02108089_5599.jpg",
        "https://images.dog.ceo/breeds/boxer/n02108089_5614.jpg",
        "https://images.dog.ceo/breeds/boxer/n02108089_5753.jpg",
        "https://images.dog.ceo/breeds/boxer/n02108089_5977.jpg",
        "https://images.dog.ceo/breeds/boxer/n02108089_6008.jpg",
        "https://images.dog.ceo/breeds/boxer/n02108089_625.jpg",
        "https://images.dog.ceo/breeds/boxer/n02108089_6295.jpg",
        "https://images.dog.ceo/breeds/boxer/n02108089_6418.jpg",
        "https://images.dog.ceo/breeds/boxer/n02108089_6429.jpg",
        "https://images.dog.ceo/breeds/boxer/n02108089_6583.jpg",
        "https://images.dog.ceo/breeds/boxer/n02108089_69.jpg",
        "https://images.dog.ceo/breeds/boxer/n02108089_7259.jpg",
        "https://images.dog.ceo/breeds/boxer/n02108089_7319.jpg",
        "https://images.dog.ceo/breeds/boxer/n02108089_7431.jpg",
        "https://images.dog.ceo/breeds/boxer/n02108089_7456.jpg",
        "https://images.dog.ceo/breeds/boxer/n02108089_770.jpg",
        "https://images.dog.ceo/breeds/boxer/n02108089_78.jpg",
        "https://images.dog.ceo/breeds/boxer/n02108089_7853.jpg",
        "https://images.dog.ceo/breeds/boxer/n02108089_813.jpg",
        "https://images.dog.ceo/breeds/boxer/n02108089_836.jpg",
        "https://images.dog.ceo/breeds/boxer/n02108089_849.jpg",
        "https://images.dog.ceo/breeds/boxer/n02108089_8739.jpg",
        "https://images.dog.ceo/breeds/boxer/n02108089_8969.jpg",
        "https://images.dog.ceo/breeds/boxer/n02108089_9045.jpg",
        "https://images.dog.ceo/breeds/boxer/n02108089_9076.jpg",
        "https://images.dog.ceo/breeds/boxer/n02108089_922.jpg",
        "https://images.dog.ceo/breeds/boxer/n02108089_926.jpg",
        "https://images.dog.ceo/breeds/boxer/n02108089_931.jpg",
        "https://images.dog.ceo/breeds/boxer/n02108089_959.jpg",
        "https://images.dog.ceo/breeds/boxer/n02108089_9724.jpg",
        "https://images.dog.ceo/breeds/boxer/n02108089_9778.jpg",
        "https://images.dog.ceo/breeds/boxer/n02108089_995.jpg"
    ],
    "status": "success"
}
]]></system-out>
  </testcase>
  <testcase name="testInvalidBreedReturnsError" classname="tests.Images.BreedImagesTest" time="0.452">
    <system-out><![CDATA[HTTP/1.1 404 Not Found
Date: Fri, 04 Jul 2025 20:59:01 GMT
Content-Type: application/json
Transfer-Encoding: chunked
Connection: keep-alive
Server: cloudflare
X-Powered-By: PHP/8.1.32
Access-Control-Allow-Origin: *
Via: 1.1 varnish (Varnish/6.3), 1.1 varnish (Varnish/6.3)
Cache-Control: max-age=1800
X-Cache-Age: 17003
X-Cache-Hits: 11
X-Cache: HIT
Age: 0
Vary: 
Nel: {"report_to":"cf-nel","success_fraction":0.0,"max_age":604800}
Cf-Cache-Status: DYNAMIC
Report-To: {"group":"cf-nel","max_age":604800,"endpoints":[{"url":"https://a.nel.cloudflare.com/report/v4?s=vR2RT%2Fl2BmZah1ffqyfkvBgBhFwXZDSbXc8pnqKeDCQ5aZ1XU6d4V5G5uJVrKKX5OupPhTP3Jlym0%2BUiPj66ty6USica"}]}
Content-Encoding: gzip
CF-RAY: 95a18b441923565d-GRU
alt-svc: h3=":443"; ma=86400

{
    "status": "error",
    "message": "Breed not found (master breed does not exist)",
    "code": 404
}
]]></system-out>
  </testcase>
  <testcase name="testResponseTime" classname="tests.Images.BreedImagesTest" time="0.482">
    <system-out><![CDATA[HTTP/1.1 200 OK
Date: Fri, 04 Jul 2025 20:59:01 GMT
Content-Type: application/json
Content-Length: 857
Connection: keep-alive
Server: cloudflare
X-Powered-By: PHP/8.1.32
Access-Control-Allow-Origin: *
Content-Encoding: gzip
Via: 1.1 varnish (Varnish/6.3), 1.1 varnish (Varnish/6.3)
Cache-Control: max-age=1800
X-Cache-Age: 9692
X-Cache-Hits: 14
X-Cache: HIT
Accept-Ranges: bytes
Age: 0
Vary: Accept-Encoding
Nel: {"report_to":"cf-nel","success_fraction":0.0,"max_age":604800}
Cf-Cache-Status: DYNAMIC
Report-To: {"group":"cf-nel","max_age":604800,"endpoints":[{"url":"https://a.nel.cloudflare.com/report/v4?s=QxSv6heqfZpaWzB%2F%2Fj8CiFaG76KlvDHJfGOQd1wVvbX3MXp62ASf5h%2BLmA6baeadXZcmmrV1otimnFj46I3GVIdzbH4NW8o%3D"}]}
CF-RAY: 95a18b46efeda474-GRU
alt-svc: h3=":443"; ma=86400

{
    "message": [
        "https://images.dog.ceo/breeds/husky/20180901_150234.jpg",
        "https://images.dog.ceo/breeds/husky/20180904_185604.jpg",
        "https://images.dog.ceo/breeds/husky/20180924_193829.jpg",
        "https://images.dog.ceo/breeds/husky/MsMilo_Husky1.jpg",
        "https://images.dog.ceo/breeds/husky/arlo.jpg",
        "https://images.dog.ceo/breeds/husky/blue-beach-palmar.jpg",
        "https://images.dog.ceo/breeds/husky/blue-car-travel.jpg",
        "https://images.dog.ceo/breeds/husky/blue-vpr-nov1.jpg",
        "https://images.dog.ceo/breeds/husky/enola-blue-2022.jpg",
        "https://images.dog.ceo/breeds/husky/enola-dic-2022.jpg",
        "https://images.dog.ceo/breeds/husky/enola-vpr-01.jpg",
        "https://images.dog.ceo/breeds/husky/husky.jpg",
        "https://images.dog.ceo/breeds/husky/n02110185_10047.jpg",
        "https://images.dog.ceo/breeds/husky/n02110185_10116.jpg",
        "https://images.dog.ceo/breeds/husky/n02110185_10171.jpg",
        "https://images.dog.ceo/breeds/husky/n02110185_10175.jpg",
        "https://images.dog.ceo/breeds/husky/n02110185_10273.jpg",
        "https://images.dog.ceo/breeds/husky/n02110185_10360.jpg",
        "https://images.dog.ceo/breeds/husky/n02110185_10597.jpg",
        "https://images.dog.ceo/breeds/husky/n02110185_1066.jpg",
        "https://images.dog.ceo/breeds/husky/n02110185_10844.jpg",
        "https://images.dog.ceo/breeds/husky/n02110185_10849.jpg",
        "https://images.dog.ceo/breeds/husky/n02110185_10875.jpg",
        "https://images.dog.ceo/breeds/husky/n02110185_10898.jpg",
        "https://images.dog.ceo/breeds/husky/n02110185_10902.jpg",
        "https://images.dog.ceo/breeds/husky/n02110185_10955.jpg",
        "https://images.dog.ceo/breeds/husky/n02110185_10967.jpg",
        "https://images.dog.ceo/breeds/husky/n02110185_11114.jpg",
        "https://images.dog.ceo/breeds/husky/n02110185_11131.jpg",
        "https://images.dog.ceo/breeds/husky/n02110185_11138.jpg",
        "https://images.dog.ceo/breeds/husky/n02110185_1130.jpg",
        "https://images.dog.ceo/breeds/husky/n02110185_11396.jpg",
        "https://images.dog.ceo/breeds/husky/n02110185_11409.jpg",
        "https://images.dog.ceo/breeds/husky/n02110185_11445.jpg",
        "https://images.dog.ceo/breeds/husky/n02110185_11580.jpg",
        "https://images.dog.ceo/breeds/husky/n02110185_11626.jpg",
        "https://images.dog.ceo/breeds/husky/n02110185_11635.jpg",
        "https://images.dog.ceo/breeds/husky/n02110185_11636.jpg",
        "https://images.dog.ceo/breeds/husky/n02110185_1164.jpg",
        "https://images.dog.ceo/breeds/husky/n02110185_11773.jpg",
        "https://images.dog.ceo/breeds/husky/n02110185_1178.jpg",
        "https://images.dog.ceo/breeds/husky/n02110185_11783.jpg",
        "https://images.dog.ceo/breeds/husky/n02110185_11841.jpg",
        "https://images.dog.ceo/breeds/husky/n02110185_120.jpg",
        "https://images.dog.ceo/breeds/husky/n02110185_12120.jpg",
        "https://images.dog.ceo/breeds/husky/n02110185_12380.jpg",
        "https://images.dog.ceo/breeds/husky/n02110185_12441.jpg",
        "https://images.dog.ceo/breeds/husky/n02110185_12498.jpg",
        "https://images.dog.ceo/breeds/husky/n02110185_12656.jpg",
        "https://images.dog.ceo/breeds/husky/n02110185_12678.jpg",
        "https://images.dog.ceo/breeds/husky/n02110185_12748.jpg",
        "https://images.dog.ceo/breeds/husky/n02110185_1289.jpg",
        "https://images.dog.ceo/breeds/husky/n02110185_13127.jpg",
        "https://images.dog.ceo/breeds/husky/n02110185_13158.jpg",
        "https://images.dog.ceo/breeds/husky/n02110185_13187.jpg",
        "https://images.dog.ceo/breeds/husky/n02110185_13197.jpg",
        "https://images.dog.ceo/breeds/husky/n02110185_13282.jpg",
        "https://images.dog.ceo/breeds/husky/n02110185_1338.jpg",
        "https://images.dog.ceo/breeds/husky/n02110185_13423.jpg",
        "https://images.dog.ceo/breeds/husky/n02110185_13434.jpg",
        "https://images.dog.ceo/breeds/husky/n02110185_13704.jpg",
        "https://images.dog.ceo/breeds/husky/n02110185_13821.jpg",
        "https://images.dog.ceo/breeds/husky/n02110185_13855.jpg",
        "https://images.dog.ceo/breeds/husky/n02110185_13942.jpg",
        "https://images.dog.ceo/breeds/husky/n02110185_14056.jpg",
        "https://images.dog.ceo/breeds/husky/n02110185_14061.jpg",
        "https://images.dog.ceo/breeds/husky/n02110185_14283.jpg",
        "https://images.dog.ceo/breeds/husky/n02110185_14289.jpg",
        "https://images.dog.ceo/breeds/husky/n02110185_1439.jpg",
        "https://images.dog.ceo/breeds/husky/n02110185_1446.jpg",
        "https://images.dog.ceo/breeds/husky/n02110185_14479.jpg",
        "https://images.dog.ceo/breeds/husky/n02110185_14523.jpg",
        "https://images.dog.ceo/breeds/husky/n02110185_14560.jpg",
        "https://images.dog.ceo/breeds/husky/n02110185_14594.jpg",
        "https://images.dog.ceo/breeds/husky/n02110185_14597.jpg",
        "https://images.dog.ceo/breeds/husky/n02110185_14650.jpg",
        "https://images.dog.ceo/breeds/husky/n02110185_1469.jpg",
        "https://images.dog.ceo/breeds/husky/n02110185_14766.jpg",
        "https://images.dog.ceo/breeds/husky/n02110185_14906.jpg",
        "https://images.dog.ceo/breeds/husky/n02110185_1497.jpg",
        "https://images.dog.ceo/breeds/husky/n02110185_15019.jpg",
        "https://images.dog.ceo/breeds/husky/n02110185_15063.jpg",
        "https://images.dog.ceo/breeds/husky/n02110185_1511.jpg",
        "https://images.dog.ceo/breeds/husky/n02110185_1532.jpg",
        "https://images.dog.ceo/breeds/husky/n02110185_1552.jpg",
        "https://images.dog.ceo/breeds/husky/n02110185_1598.jpg",
        "https://images.dog.ceo/breeds/husky/n02110185_1614.jpg",
        "https://images.dog.ceo/breeds/husky/n02110185_1748.jpg",
        "https://images.dog.ceo/breeds/husky/n02110185_1794.jpg",
        "https://images.dog.ceo/breeds/husky/n02110185_184.jpg",
        "https://images.dog.ceo/breeds/husky/n02110185_2368.jpg",
        "https://images.dog.ceo/breeds/husky/n02110185_2446.jpg",
        "https://images.dog.ceo/breeds/husky/n02110185_248.jpg",
        "https://images.dog.ceo/breeds/husky/n02110185_2593.jpg",
        "https://images.dog.ceo/breeds/husky/n02110185_2604.jpg",
        "https://images.dog.ceo/breeds/husky/n02110185_2614.jpg",
        "https://images.dog.ceo/breeds/husky/n02110185_2672.jpg",
        "https://images.dog.ceo/breeds/husky/n02110185_2701.jpg",
        "https://images.dog.ceo/breeds/husky/n02110185_2728.jpg",
        "https://images.dog.ceo/breeds/husky/n02110185_2736.jpg",
        "https://images.dog.ceo/breeds/husky/n02110185_2941.jpg",
        "https://images.dog.ceo/breeds/husky/n02110185_3291.jpg",
        "https://images.dog.ceo/breeds/husky/n02110185_3302.jpg",
        "https://images.dog.ceo/breeds/husky/n02110185_3328.jpg",
        "https://images.dog.ceo/breeds/husky/n02110185_3406.jpg",
        "https://images.dog.ceo/breeds/husky/n02110185_353.jpg",
        "https://images.dog.ceo/breeds/husky/n02110185_3540.jpg",
        "https://images.dog.ceo/breeds/husky/n02110185_3589.jpg",
        "https://images.dog.ceo/breeds/husky/n02110185_388.jpg",
        "https://images.dog.ceo/breeds/husky/n02110185_4030.jpg",
        "https://images.dog.ceo/breeds/husky/n02110185_4115.jpg",
        "https://images.dog.ceo/breeds/husky/n02110185_4133.jpg",
        "https://images.dog.ceo/breeds/husky/n02110185_4186.jpg",
        "https://images.dog.ceo/breeds/husky/n02110185_4294.jpg",
        "https://images.dog.ceo/breeds/husky/n02110185_4522.jpg",
        "https://images.dog.ceo/breeds/husky/n02110185_4677.jpg",
        "https://images.dog.ceo/breeds/husky/n02110185_4694.jpg",
        "https://images.dog.ceo/breeds/husky/n02110185_4906.jpg",
        "https://images.dog.ceo/breeds/husky/n02110185_5030.jpg",
        "https://images.dog.ceo/breeds/husky/n02110185_5143.jpg",
        "https://images.dog.ceo/breeds/husky/n02110185_5159.jpg",
        "https://images.dog.ceo/breeds/husky/n02110185_5172.jpg",
        "https://images.dog.ceo/breeds/husky/n02110185_519.jpg",
        "https://images.dog.ceo/breeds/husky/n02110185_5392.jpg",
        "https://images.dog.ceo/breeds/husky/n02110185_5495.jpg",
        "https://images.dog.ceo/breeds/husky/n02110185_5622.jpg",
        "https://images.dog.ceo/breeds/husky/n02110185_5628.jpg",
        "https://images.dog.ceo/breeds/husky/n02110185_5716.jpg",
        "https://images.dog.ceo/breeds/husky/n02110185_58.jpg",
        "https://images.dog.ceo/breeds/husky/n02110185_5871.jpg",
        "https://images.dog.ceo/breeds/husky/n02110185_5973.jpg",
        "https://images.dog.ceo/breeds/husky/n02110185_6094.jpg",
        "https://images.dog.ceo/breeds/husky/n02110185_6105.jpg",
        "https://images.dog.ceo/breeds/husky/n02110185_632.jpg",
        "https://images.dog.ceo/breeds/husky/n02110185_6351.jpg",
        "https://images.dog.ceo/breeds/husky/n02110185_6411.jpg",
        "https://images.dog.ceo/breeds/husky/n02110185_6438.jpg",
        "https://images.dog.ceo/breeds/husky/n02110185_6564.jpg",
        "https://images.dog.ceo/breeds/husky/n02110185_6746.jpg",
        "https://images.dog.ceo/breeds/husky/n02110185_6775.jpg",
        "https://images.dog.ceo/breeds/husky/n02110185_6780.jpg",
        "https://images.dog.ceo/breeds/husky/n02110185_6850.jpg",
        "https://images.dog.ceo/breeds/husky/n02110185_698.jpg",
        "https://images.dog.ceo/breeds/husky/n02110185_699.jpg",
        "https://images.dog.ceo/breeds/husky/n02110185_7044.jpg",
        "https://images.dog.ceo/breeds/husky/n02110185_7117.jpg",
        "https://images.dog.ceo/breeds/husky/n02110185_712.jpg",
        "https://images.dog.ceo/breeds/husky/n02110185_7210.jpg",
        "https://images.dog.ceo/breeds/husky/n02110185_7246.jpg",
        "https://images.dog.ceo/breeds/husky/n02110185_725.jpg",
        "https://images.dog.ceo/breeds/husky/n02110185_7329.jpg",
        "https://images.dog.ceo/breeds/husky/n02110185_7379.jpg",
        "https://images.dog.ceo/breeds/husky/n02110185_7413.jpg",
        "https://images.dog.ceo/breeds/husky/n02110185_7594.jpg",
        "https://images.dog.ceo/breeds/husky/n02110185_7762.jpg",
        "https://images.dog.ceo/breeds/husky/n02110185_7879.jpg",
        "https://images.dog.ceo/breeds/husky/n02110185_7888.jpg",
        "https://images.dog.ceo/breeds/husky/n02110185_7980.jpg",
        "https://images.dog.ceo/breeds/husky/n02110185_8005.jpg",
        "https://images.dog.ceo/breeds/husky/n02110185_8154.jpg",
        "https://images.dog.ceo/breeds/husky/n02110185_8162.jpg",
        "https://images.dog.ceo/breeds/husky/n02110185_8216.jpg",
        "https://images.dog.ceo/breeds/husky/n02110185_8327.jpg",
        "https://images.dog.ceo/breeds/husky/n02110185_8397.jpg",
        "https://images.dog.ceo/breeds/husky/n02110185_8564.jpg",
        "https://images.dog.ceo/breeds/husky/n02110185_8600.jpg",
        "https://images.dog.ceo/breeds/husky/n02110185_8708.jpg",
        "https://images.dog.ceo/breeds/husky/n02110185_8748.jpg",
        "https://images.dog.ceo/breeds/husky/n02110185_8749.jpg",
        "https://images.dog.ceo/breeds/husky/n02110185_8860.jpg",
        "https://images.dog.ceo/breeds/husky/n02110185_8923.jpg",
        "https://images.dog.ceo/breeds/husky/n02110185_8966.jpg",
        "https://images.dog.ceo/breeds/husky/n02110185_9001.jpg",
        "https://images.dog.ceo/breeds/husky/n02110185_9086.jpg",
        "https://images.dog.ceo/breeds/husky/n02110185_9177.jpg",
        "https://images.dog.ceo/breeds/husky/n02110185_9194.jpg",
        "https://images.dog.ceo/breeds/husky/n02110185_931.jpg",
        "https://images.dog.ceo/breeds/husky/n02110185_9334.jpg",
        "https://images.dog.ceo/breeds/husky/n02110185_9396.jpg",
        "https://images.dog.ceo/breeds/husky/n02110185_9429.jpg",
        "https://images.dog.ceo/breeds/husky/n02110185_9461.jpg",
        "https://images.dog.ceo/breeds/husky/n02110185_9712.jpg",
        "https://images.dog.ceo/breeds/husky/n02110185_9833.jpg",
        "https://images.dog.ceo/breeds/husky/n02110185_9846.jpg",
        "https://images.dog.ceo/breeds/husky/n02110185_9855.jpg",
        "https://images.dog.ceo/breeds/husky/n02110185_9975.jpg",
        "https://images.dog.ceo/breeds/husky/unibooboo.jpg",
        "https://images.dog.ceo/breeds/husky/unibooboo2.jpg",
        "https://images.dog.ceo/breeds/husky/unibooboo3.jpg"
    ],
    "status": "success"
}
]]></system-out>
  </testcase>
  <testcase name="testValidBreedReturnsImages" classname="tests.Images.BreedImagesTest" time="0.624">
    <system-out><![CDATA[HTTP/1.1 200 OK
Date: Fri, 04 Jul 2025 20:59:02 GMT
Content-Type: application/json
Content-Length: 3314
Connection: keep-alive
Server: cloudflare
X-Powered-By: PHP/8.1.32
Access-Control-Allow-Origin: *
Content-Encoding: gzip
Via: 1.1 varnish (Varnish/6.3), 1.1 varnish (Varnish/6.3)
Cache-Control: max-age=1800
X-Cache-Age: 10630
X-Cache-Hits: 52
X-Cache: HIT
Accept-Ranges: bytes
Age: 0
Vary: Accept-Encoding
Nel: {"report_to":"cf-nel","success_fraction":0.0,"max_age":604800}
Cf-Cache-Status: DYNAMIC
Report-To: {"group":"cf-nel","max_age":604800,"endpoints":[{"url":"https://a.nel.cloudflare.com/report/v4?s=tiMkgcMsIs44sWwu2K%2FECL10bQTc9fHmDkdFunEMK0jSBAvt%2BXGSxj1ZK5nm5CyPTmZHLL%2FBvnLKPyFiXZc7HaIuyQNn2IU%3D"}]}
CF-RAY: 95a18b4a1bc1a109-GRU
alt-svc: h3=":443"; ma=86400

{
    "message": [
        "https://images.dog.ceo/breeds/hound-afghan/n02088094_1003.jpg",
        "https://images.dog.ceo/breeds/hound-afghan/n02088094_10263.jpg",
        "https://images.dog.ceo/breeds/hound-afghan/n02088094_10715.jpg",
        "https://images.dog.ceo/breeds/hound-afghan/n02088094_10822.jpg",
        "https://images.dog.ceo/breeds/hound-afghan/n02088094_1128.jpg",
        "https://images.dog.ceo/breeds/hound-afghan/n02088094_1145.jpg",
        "https://images.dog.ceo/breeds/hound-afghan/n02088094_115.jpg",
        "https://images.dog.ceo/breeds/hound-afghan/n02088094_1150.jpg",
        "https://images.dog.ceo/breeds/hound-afghan/n02088094_11570.jpg",
        "https://images.dog.ceo/breeds/hound-afghan/n02088094_11584.jpg",
        "https://images.dog.ceo/breeds/hound-afghan/n02088094_1186.jpg",
        "https://images.dog.ceo/breeds/hound-afghan/n02088094_11953.jpg",
        "https://images.dog.ceo/breeds/hound-afghan/n02088094_1234.jpg",
        "https://images.dog.ceo/breeds/hound-afghan/n02088094_1259.jpg",
        "https://images.dog.ceo/breeds/hound-afghan/n02088094_12664.jpg",
        "https://images.dog.ceo/breeds/hound-afghan/n02088094_12879.jpg",
        "https://images.dog.ceo/breeds/hound-afghan/n02088094_12945.jpg",
        "https://images.dog.ceo/breeds/hound-afghan/n02088094_13145.jpg",
        "https://images.dog.ceo/breeds/hound-afghan/n02088094_13270.jpg",
        "https://images.dog.ceo/breeds/hound-afghan/n02088094_1335.jpg",
        "https://images.dog.ceo/breeds/hound-afghan/n02088094_13502.jpg",
        "https://images.dog.ceo/breeds/hound-afghan/n02088094_1357.jpg",
        "https://images.dog.ceo/breeds/hound-afghan/n02088094_1370.jpg",
        "https://images.dog.ceo/breeds/hound-afghan/n02088094_13879.jpg",
        "https://images.dog.ceo/breeds/hound-afghan/n02088094_13909.jpg",
        "https://images.dog.ceo/breeds/hound-afghan/n02088094_1406.jpg",
        "https://images.dog.ceo/breeds/hound-afghan/n02088094_1410.jpg",
        "https://images.dog.ceo/breeds/hound-afghan/n02088094_1459.jpg",
        "https://images.dog.ceo/breeds/hound-afghan/n02088094_1479.jpg",
        "https://images.dog.ceo/breeds/hound-afghan/n02088094_1592.jpg",
        "https://images.dog.ceo/breeds/hound-afghan/n02088094_1661.jpg",
        "https://images.dog.ceo/breeds/hound-afghan/n02088094_1724.jpg",
        "https://images.dog.ceo/breeds/hound-afghan/n02088094_173.jpg",
        "https://images.dog.ceo/breeds/hound-afghan/n02088094_1829.jpg",
        "https://images.dog.ceo/breeds/hound-afghan/n02088094_1882.jpg",
        "https://images.dog.ceo/breeds/hound-afghan/n02088094_1932.jpg",
        "https://images.dog.ceo/breeds/hound-afghan/n02088094_2062.jpg",
        "https://images.dog.ceo/breeds/hound-afghan/n02088094_2173.jpg",
        "https://images.dog.ceo/breeds/hound-afghan/n02088094_2458.jpg",
        "https://images.dog.ceo/breeds/hound-afghan/n02088094_251.jpg",
        "https://images.dog.ceo/breeds/hound-afghan/n02088094_2545.jpg",
        "https://images.dog.ceo/breeds/hound-afghan/n02088094_2626.jpg",
        "https://images.dog.ceo/breeds/hound-afghan/n02088094_2700.jpg",
        "https://images.dog.ceo/breeds/hound-afghan/n02088094_272.jpg",
        "https://images.dog.ceo/breeds/hound-afghan/n02088094_2738.jpg",
        "https://images.dog.ceo/breeds/hound-afghan/n02088094_2798.jpg",
        "https://images.dog.ceo/breeds/hound-afghan/n02088094_2803.jpg",
        "https://images.dog.ceo/breeds/hound-afghan/n02088094_305.jpg",
        "https://images.dog.ceo/breeds/hound-afghan/n02088094_3051.jpg",
        "https://images.dog.ceo/breeds/hound-afghan/n02088094_3057.jpg",
        "https://images.dog.ceo/breeds/hound-afghan/n02088094_3059.jpg",
        "https://images.dog.ceo/breeds/hound-afghan/n02088094_3080.jpg",
        "https://images.dog.ceo/breeds/hound-afghan/n02088094_3119.jpg",
        "https://images.dog.ceo/breeds/hound-afghan/n02088094_3159.jpg",
        "https://images.dog.ceo/breeds/hound-afghan/n02088094_3201.jpg",
        "https://images.dog.ceo/breeds/hound-afghan/n02088094_3233.jpg",
        "https://images.dog.ceo/breeds/hound-afghan/n02088094_3396.jpg",
        "https://images.dog.ceo/breeds/hound-afghan/n02088094_3400.jpg",
        "https://images.dog.ceo/breeds/hound-afghan/n02088094_3500.jpg",
        "https://images.dog.ceo/breeds/hound-afghan/n02088094_3564.jpg",
        "https://images.dog.ceo/breeds/hound-afghan/n02088094_357.jpg",
        "https://images.dog.ceo/breeds/hound-afghan/n02088094_3582.jpg",
        "https://images.dog.ceo/breeds/hound-afghan/n02088094_3588.jpg",
        "https://images.dog.ceo/breeds/hound-afghan/n02088094_3593.jpg",
        "https://images.dog.ceo/breeds/hound-afghan/n02088094_3629.jpg",
        "https://images.dog.ceo/breeds/hound-afghan/n02088094_3630.jpg",
        "https://images.dog.ceo/breeds/hound-afghan/n02088094_3653.jpg",
        "https://images.dog.ceo/breeds/hound-afghan/n02088094_3856.jpg",
        "https://images.dog.ceo/breeds/hound-afghan/n02088094_3858.jpg",
        "https://images.dog.ceo/breeds/hound-afghan/n02088094_392.jpg",
        "https://images.dog.ceo/breeds/hound-afghan/n02088094_3937.jpg",
        "https://images.dog.ceo/breeds/hound-afghan/n02088094_3944.jpg",
        "https://images.dog.ceo/breeds/hound-afghan/n02088094_3982.jpg",
        "https://images.dog.ceo/breeds/hound-afghan/n02088094_4037.jpg",
        "https://images.dog.ceo/breeds/hound-afghan/n02088094_4072.jpg",
        "https://images.dog.ceo/breeds/hound-afghan/n02088094_4143.jpg",
        "https://images.dog.ceo/breeds/hound-afghan/n02088094_4195.jpg",
        "https://images.dog.ceo/breeds/hound-afghan/n02088094_4230.jpg",
        "https://images.dog.ceo/breeds/hound-afghan/n02088094_4290.jpg",
        "https://images.dog.ceo/breeds/hound-afghan/n02088094_4307.jpg",
        "https://images.dog.ceo/breeds/hound-afghan/n02088094_4310.jpg",
        "https://images.dog.ceo/breeds/hound-afghan/n02088094_4352.jpg",
        "https://images.dog.ceo/breeds/hound-afghan/n02088094_4396.jpg",
        "https://images.dog.ceo/breeds/hound-afghan/n02088094_4434.jpg",
        "https://images.dog.ceo/breeds/hound-afghan/n02088094_4467.jpg",
        "https://images.dog.ceo/breeds/hound-afghan/n02088094_4501.jpg",
        "https://images.dog.ceo/breeds/hound-afghan/n02088094_4521.jpg",
        "https://images.dog.ceo/breeds/hound-afghan/n02088094_4598.jpg",
        "https://images.dog.ceo/breeds/hound-afghan/n02088094_472.jpg",
        "https://images.dog.ceo/breeds/hound-afghan/n02088094_4837.jpg",
        "https://images.dog.ceo/breeds/hound-afghan/n02088094_5080.jpg",
        "https://images.dog.ceo/breeds/hound-afghan/n02088094_515.jpg",
        "https://images.dog.ceo/breeds/hound-afghan/n02088094_5150.jpg",
        "https://images.dog.ceo/breeds/hound-afghan/n02088094_522.jpg",
        "https://images.dog.ceo/breeds/hound-afghan/n02088094_5381.jpg",
        "https://images.dog.ceo/breeds/hound-afghan/n02088094_5413.jpg",
        "https://images.dog.ceo/breeds/hound-afghan/n02088094_5436.jpg",
        "https://images.dog.ceo/breeds/hound-afghan/n02088094_5504.jpg",
        "https://images.dog.ceo/breeds/hound-afghan/n02088094_5927.jpg",
        "https://images.dog.ceo/breeds/hound-afghan/n02088094_60.jpg",
        "https://images.dog.ceo/breeds/hound-afghan/n02088094_6035.jpg",
        "https://images.dog.ceo/breeds/hound-afghan/n02088094_6241.jpg",
        "https://images.dog.ceo/breeds/hound-afghan/n02088094_6430.jpg",
        "https://images.dog.ceo/breeds/hound-afghan/n02088094_6485.jpg",
        "https://images.dog.ceo/breeds/hound-afghan/n02088094_649.jpg",
        "https://images.dog.ceo/breeds/hound-afghan/n02088094_6493.jpg",
        "https://images.dog.ceo/breeds/hound-afghan/n02088094_6690.jpg",
        "https://images.dog.ceo/breeds/hound-afghan/n02088094_688.jpg",
        "https://images.dog.ceo/breeds/hound-afghan/n02088094_7106.jpg",
        "https://images.dog.ceo/breeds/hound-afghan/n02088094_713.jpg",
        "https://images.dog.ceo/breeds/hound-afghan/n02088094_7146.jpg",
        "https://images.dog.ceo/breeds/hound-afghan/n02088094_7260.jpg",
        "https://images.dog.ceo/breeds/hound-afghan/n02088094_7683.jpg",
        "https://images.dog.ceo/breeds/hound-afghan/n02088094_7894.jpg",
        "https://images.dog.ceo/breeds/hound-afghan/n02088094_791.jpg",
        "https://images.dog.ceo/breeds/hound-afghan/n02088094_8063.jpg",
        "https://images.dog.ceo/breeds/hound-afghan/n02088094_8315.jpg",
        "https://images.dog.ceo/breeds/hound-afghan/n02088094_8465.jpg",
        "https://images.dog.ceo/breeds/hound-afghan/n02088094_890.jpg",
        "https://images.dog.ceo/breeds/hound-afghan/n02088094_907.jpg",
        "https://images.dog.ceo/breeds/hound-afghan/n02088094_908.jpg",
        "https://images.dog.ceo/breeds/hound-afghan/n02088094_913.jpg",
        "https://images.dog.ceo/breeds/hound-afghan/n02088094_980.jpg",
        "https://images.dog.ceo/breeds/hound-afghan/n02088094_986.jpg",
        "https://images.dog.ceo/breeds/hound-afghan/n02088094_988.jpg",
        "https://images.dog.ceo/breeds/hound-basset/n02088238_10005.jpg",
        "https://images.dog.ceo/breeds/hound-basset/n02088238_10013.jpg",
        "https://images.dog.ceo/breeds/hound-basset/n02088238_10028.jpg",
        "https://images.dog.ceo/breeds/hound-basset/n02088238_10051.jpg",
        "https://images.dog.ceo/breeds/hound-basset/n02088238_10054.jpg",
        "https://images.dog.ceo/breeds/hound-basset/n02088238_10063.jpg",
        "https://images.dog.ceo/breeds/hound-basset/n02088238_10072.jpg",
        "https://images.dog.ceo/breeds/hound-basset/n02088238_10095.jpg",
        "https://images.dog.ceo/breeds/hound-basset/n02088238_10102.jpg",
        "https://images.dog.ceo/breeds/hound-basset/n02088238_10110.jpg",
        "https://images.dog.ceo/breeds/hound-basset/n02088238_10113.jpg",
        "https://images.dog.ceo/breeds/hound-basset/n02088238_10129.jpg",
        "https://images.dog.ceo/breeds/hound-basset/n02088238_10140.jpg",
        "https://images.dog.ceo/breeds/hound-basset/n02088238_10142.jpg",
        "https://images.dog.ceo/breeds/hound-basset/n02088238_10288.jpg",
        "https://images.dog.ceo/breeds/hound-basset/n02088238_10338.jpg",
        "https://images.dog.ceo/breeds/hound-basset/n02088238_10358.jpg",
        "https://images.dog.ceo/breeds/hound-basset/n02088238_10451.jpg",
        "https://images.dog.ceo/breeds/hound-basset/n02088238_10473.jpg",
        "https://images.dog.ceo/breeds/hound-basset/n02088238_10510.jpg",
        "https://images.dog.ceo/breeds/hound-basset/n02088238_10592.jpg",
        "https://images.dog.ceo/breeds/hound-basset/n02088238_10682.jpg",
        "https://images.dog.ceo/breeds/hound-basset/n02088238_10741.jpg",
        "https://images.dog.ceo/breeds/hound-basset/n02088238_10753.jpg",
        "https://images.dog.ceo/breeds/hound-basset/n02088238_10757.jpg",
        "https://images.dog.ceo/breeds/hound-basset/n02088238_10870.jpg",
        "https://images.dog.ceo/breeds/hound-basset/n02088238_10932.jpg",
        "https://images.dog.ceo/breeds/hound-basset/n02088238_11113.jpg",
        "https://images.dog.ceo/breeds/hound-basset/n02088238_11124.jpg",
        "https://images.dog.ceo/breeds/hound-basset/n02088238_11136.jpg",
        "https://images.dog.ceo/breeds/hound-basset/n02088238_11148.jpg",
        "https://images.dog.ceo/breeds/hound-basset/n02088238_11200.jpg",
        "https://images.dog.ceo/breeds/hound-basset/n02088238_11223.jpg",
        "https://images.dog.ceo/breeds/hound-basset/n02088238_11281.jpg",
        "https://images.dog.ceo/breeds/hound-basset/n02088238_11339.jpg",
        "https://images.dog.ceo/breeds/hound-basset/n02088238_11383.jpg",
        "https://images.dog.ceo/breeds/hound-basset/n02088238_11505.jpg",
        "https://images.dog.ceo/breeds/hound-basset/n02088238_11511.jpg",
        "https://images.dog.ceo/breeds/hound-basset/n02088238_11522.jpg",
        "https://images.dog.ceo/breeds/hound-basset/n02088238_11542.jpg",
        "https://images.dog.ceo/breeds/hound-basset/n02088238_11635.jpg",
        "https://images.dog.ceo/breeds/hound-basset/n02088238_11846.jpg",
        "https://images.dog.ceo/breeds/hound-basset/n02088238_11849.jpg",
        "https://images.dog.ceo/breeds/hound-basset/n02088238_11917.jpg",
        "https://images.dog.ceo/breeds/hound-basset/n02088238_12160.jpg",
        "https://images.dog.ceo/breeds/hound-basset/n02088238_12196.jpg",
        "https://images.dog.ceo/breeds/hound-basset/n02088238_12427.jpg",
        "https://images.dog.ceo/breeds/hound-basset/n02088238_12469.jpg",
        "https://images.dog.ceo/breeds/hound-basset/n02088238_12555.jpg",
        "https://images.dog.ceo/breeds/hound-basset/n02088238_12563.jpg",
        "https://images.dog.ceo/breeds/hound-basset/n02088238_1261.jpg",
        "https://images.dog.ceo/breeds/hound-basset/n02088238_12966.jpg",
        "https://images.dog.ceo/breeds/hound-basset/n02088238_12974.jpg",
        "https://images.dog.ceo/breeds/hound-basset/n02088238_12997.jpg",
        "https://images.dog.ceo/breeds/hound-basset/n02088238_13036.jpg",
        "https://images.dog.ceo/breeds/hound-basset/n02088238_13079.jpg",
        "https://images.dog.ceo/breeds/hound-basset/n02088238_13199.jpg",
        "https://images.dog.ceo/breeds/hound-basset/n02088238_13373.jpg",
        "https://images.dog.ceo/breeds/hound-basset/n02088238_13439.jpg",
        "https://images.dog.ceo/breeds/hound-basset/n02088238_13608.jpg",
        "https://images.dog.ceo/breeds/hound-basset/n02088238_13683.jpg",
        "https://images.dog.ceo/breeds/hound-basset/n02088238_13709.jpg",
        "https://images.dog.ceo/breeds/hound-basset/n02088238_13799.jpg",
        "https://images.dog.ceo/breeds/hound-basset/n02088238_13847.jpg",
        "https://images.dog.ceo/breeds/hound-basset/n02088238_13908.jpg",
        "https://images.dog.ceo/breeds/hound-basset/n02088238_1454.jpg",
        "https://images.dog.ceo/breeds/hound-basset/n02088238_1731.jpg",
        "https://images.dog.ceo/breeds/hound-basset/n02088238_1944.jpg",
        "https://images.dog.ceo/breeds/hound-basset/n02088238_2009.jpg",
        "https://images.dog.ceo/breeds/hound-basset/n02088238_2217.jpg",
        "https://images.dog.ceo/breeds/hound-basset/n02088238_2574.jpg",
        "https://images.dog.ceo/breeds/hound-basset/n02088238_2646.jpg",
        "https://images.dog.ceo/breeds/hound-basset/n02088238_2674.jpg",
        "https://images.dog.ceo/breeds/hound-basset/n02088238_2686.jpg",
        "https://images.dog.ceo/breeds/hound-basset/n02088238_3066.jpg",
        "https://images.dog.ceo/breeds/hound-basset/n02088238_3079.jpg",
        "https://images.dog.ceo/breeds/hound-basset/n02088238_3359.jpg",
        "https://images.dog.ceo/breeds/hound-basset/n02088238_3475.jpg",
        "https://images.dog.ceo/breeds/hound-basset/n02088238_3579.jpg",
        "https://images.dog.ceo/breeds/hound-basset/n02088238_363.jpg",
        "https://images.dog.ceo/breeds/hound-basset/n02088238_3778.jpg",
        "https://images.dog.ceo/breeds/hound-basset/n02088238_4182.jpg",
        "https://images.dog.ceo/breeds/hound-basset/n02088238_4365.jpg",
        "https://images.dog.ceo/breeds/hound-basset/n02088238_4374.jpg",
        "https://images.dog.ceo/breeds/hound-basset/n02088238_490.jpg",
        "https://images.dog.ceo/breeds/hound-basset/n02088238_517.jpg",
        "https://images.dog.ceo/breeds/hound-basset/n02088238_5239.jpg",
        "https://images.dog.ceo/breeds/hound-basset/n02088238_5441.jpg",
        "https://images.dog.ceo/breeds/hound-basset/n02088238_600.jpg",
        "https://images.dog.ceo/breeds/hound-basset/n02088238_6012.jpg",
        "https://images.dog.ceo/breeds/hound-basset/n02088238_6017.jpg",
        "https://images.dog.ceo/breeds/hound-basset/n02088238_6035.jpg",
        "https://images.dog.ceo/breeds/hound-basset/n02088238_6161.jpg",
        "https://images.dog.ceo/breeds/hound-basset/n02088238_6532.jpg",
        "https://images.dog.ceo/breeds/hound-basset/n02088238_657.jpg",
        "https://images.dog.ceo/breeds/hound-basset/n02088238_664.jpg",
        "https://images.dog.ceo/breeds/hound-basset/n02088238_665.jpg",
        "https://images.dog.ceo/breeds/hound-basset/n02088238_6707.jpg",
        "https://images.dog.ceo/breeds/hound-basset/n02088238_6708.jpg",
        "https://images.dog.ceo/breeds/hound-basset/n02088238_6812.jpg",
        "https://images.dog.ceo/breeds/hound-basset/n02088238_6988.jpg",
        "https://images.dog.ceo/breeds/hound-basset/n02088238_7131.jpg",
        "https://images.dog.ceo/breeds/hound-basset/n02088238_7181.jpg",
        "https://images.dog.ceo/breeds/hound-basset/n02088238_7232.jpg",
        "https://images.dog.ceo/breeds/hound-basset/n02088238_7233.jpg",
        "https://images.dog.ceo/breeds/hound-basset/n02088238_7553.jpg",
        "https://images.dog.ceo/breeds/hound-basset/n02088238_7741.jpg",
        "https://images.dog.ceo/breeds/hound-basset/n02088238_8140.jpg",
        "https://images.dog.ceo/breeds/hound-basset/n02088238_8480.jpg",
        "https://images.dog.ceo/breeds/hound-basset/n02088238_8520.jpg",
        "https://images.dog.ceo/breeds/hound-basset/n02088238_8839.jpg",
        "https://images.dog.ceo/breeds/hound-basset/n02088238_9015.jpg",
        "https://images.dog.ceo/breeds/hound-basset/n02088238_9025.jpg",
        "https://images.dog.ceo/breeds/hound-basset/n02088238_9154.jpg",
        "https://images.dog.ceo/breeds/hound-basset/n02088238_9162.jpg",
        "https://images.dog.ceo/breeds/hound-basset/n02088238_9257.jpg",
        "https://images.dog.ceo/breeds/hound-basset/n02088238_9267.jpg",
        "https://images.dog.ceo/breeds/hound-basset/n02088238_9292.jpg",
        "https://images.dog.ceo/breeds/hound-basset/n02088238_9324.jpg",
        "https://images.dog.ceo/breeds/hound-basset/n02088238_9332.jpg",
        "https://images.dog.ceo/breeds/hound-basset/n02088238_9351.jpg",
        "https://images.dog.ceo/breeds/hound-basset/n02088238_9360.jpg",
        "https://images.dog.ceo/breeds/hound-basset/n02088238_9372.jpg",
        "https://images.dog.ceo/breeds/hound-basset/n02088238_9419.jpg",
        "https://images.dog.ceo/breeds/hound-basset/n02088238_9446.jpg",
        "https://images.dog.ceo/breeds/hound-basset/n02088238_9467.jpg",
        "https://images.dog.ceo/breeds/hound-basset/n02088238_9486.jpg",
        "https://images.dog.ceo/breeds/hound-basset/n02088238_9529.jpg",
        "https://images.dog.ceo/breeds/hound-basset/n02088238_9585.jpg",
        "https://images.dog.ceo/breeds/hound-basset/n02088238_9590.jpg",
        "https://images.dog.ceo/breeds/hound-basset/n02088238_9595.jpg",
        "https://images.dog.ceo/breeds/hound-basset/n02088238_9600.jpg",
        "https://images.dog.ceo/breeds/hound-basset/n02088238_9626.jpg",
        "https://images.dog.ceo/breeds/hound-basset/n02088238_9635.jpg",
        "https://images.dog.ceo/breeds/hound-basset/n02088238_9691.jpg",
        "https://images.dog.ceo/breeds/hound-basset/n02088238_9701.jpg",
        "https://images.dog.ceo/breeds/hound-basset/n02088238_9717.jpg",
        "https://images.dog.ceo/breeds/hound-basset/n02088238_9751.jpg",
        "https://images.dog.ceo/breeds/hound-basset/n02088238_9778.jpg",
        "https://images.dog.ceo/breeds/hound-basset/n02088238_9787.jpg",
        "https://images.dog.ceo/breeds/hound-basset/n02088238_9789.jpg",
        "https://images.dog.ceo/breeds/hound-basset/n02088238_9797.jpg",
        "https://images.dog.ceo/breeds/hound-basset/n02088238_9815.jpg",
        "https://images.dog.ceo/breeds/hound-basset/n02088238_9841.jpg",
        "https://images.dog.ceo/breeds/hound-basset/n02088238_9922.jpg",
        "https://images.dog.ceo/breeds/hound-basset/n02088238_9960.jpg",
        "https://images.dog.ceo/breeds/hound-basset/n02088238_9986.jpg",
        "https://images.dog.ceo/breeds/hound-basset/n02088238_9993.jpg",
        "https://images.dog.ceo/breeds/hound-basset/n02088238_9994.jpg",
        "https://images.dog.ceo/breeds/hound-blood/n02088466_10083.jpg",
        "https://images.dog.ceo/breeds/hound-blood/n02088466_1015.jpg",
        "https://images.dog.ceo/breeds/hound-blood/n02088466_10309.jpg",
        "https://images.dog.ceo/breeds/hound-blood/n02088466_10331.jpg",
        "https://images.dog.ceo/breeds/hound-blood/n02088466_10335.jpg",
        "https://images.dog.ceo/breeds/hound-blood/n02088466_10408.jpg",
        "https://images.dog.ceo/breeds/hound-blood/n02088466_10506.jpg",
        "https://images.dog.ceo/breeds/hound-blood/n02088466_10545.jpg",
        "https://images.dog.ceo/breeds/hound-blood/n02088466_10724.jpg",
        "https://images.dog.ceo/breeds/hound-blood/n02088466_10773.jpg",
        "https://images.dog.ceo/breeds/hound-blood/n02088466_10831.jpg",
        "https://images.dog.ceo/breeds/hound-blood/n02088466_11398.jpg",
        "https://images.dog.ceo/breeds/hound-blood/n02088466_11623.jpg",
        "https://images.dog.ceo/breeds/hound-blood/n02088466_11936.jpg",
        "https://images.dog.ceo/breeds/hound-blood/n02088466_12003.jpg",
        "https://images.dog.ceo/breeds/hound-blood/n02088466_12353.jpg",
        "https://images.dog.ceo/breeds/hound-blood/n02088466_12388.jpg",
        "https://images.dog.ceo/breeds/hound-blood/n02088466_1262.jpg",
        "https://images.dog.ceo/breeds/hound-blood/n02088466_1473.jpg",
        "https://images.dog.ceo/breeds/hound-blood/n02088466_1555.jpg",
        "https://images.dog.ceo/breeds/hound-blood/n02088466_1563.jpg",
        "https://images.dog.ceo/breeds/hound-blood/n02088466_1671.jpg",
        "https://images.dog.ceo/breeds/hound-blood/n02088466_1983.jpg",
        "https://images.dog.ceo/breeds/hound-blood/n02088466_2030.jpg",
        "https://images.dog.ceo/breeds/hound-blood/n02088466_2332.jpg",
        "https://images.dog.ceo/breeds/hound-blood/n02088466_2908.jpg",
        "https://images.dog.ceo/breeds/hound-blood/n02088466_2934.jpg",
        "https://images.dog.ceo/breeds/hound-blood/n02088466_3184.jpg",
        "https://images.dog.ceo/breeds/hound-blood/n02088466_3568.jpg",
        "https://images.dog.ceo/breeds/hound-blood/n02088466_4054.jpg",
        "https://images.dog.ceo/breeds/hound-blood/n02088466_4178.jpg",
        "https://images.dog.ceo/breeds/hound-blood/n02088466_4385.jpg",
        "https://images.dog.ceo/breeds/hound-blood/n02088466_4445.jpg",
        "https://images.dog.ceo/breeds/hound-blood/n02088466_4749.jpg",
        "https://images.dog.ceo/breeds/hound-blood/n02088466_4825.jpg",
        "https://images.dog.ceo/breeds/hound-blood/n02088466_4907.jpg",
        "https://images.dog.ceo/breeds/hound-blood/n02088466_5025.jpg",
        "https://images.dog.ceo/breeds/hound-blood/n02088466_5131.jpg",
        "https://images.dog.ceo/breeds/hound-blood/n02088466_5212.jpg",
        "https://images.dog.ceo/breeds/hound-blood/n02088466_5432.jpg",
        "https://images.dog.ceo/breeds/hound-blood/n02088466_5898.jpg",
        "https://images.dog.ceo/breeds/hound-blood/n02088466_6096.jpg",
        "https://images.dog.ceo/breeds/hound-blood/n02088466_6126.jpg",
        "https://images.dog.ceo/breeds/hound-blood/n02088466_6160.jpg",
[...]
        "https://images.dog.ceo/breeds/hound-ibizan/n02091244_2838.jpg",
        "https://images.dog.ceo/breeds/hound-ibizan/n02091244_2871.jpg",
        "https://images.dog.ceo/breeds/hound-ibizan/n02091244_289.jpg",
        "https://images.dog.ceo/breeds/hound-ibizan/n02091244_291.jpg",
        "https://images.dog.ceo/breeds/hound-ibizan/n02091244_2919.jpg",
        "https://images.dog.ceo/breeds/hound-ibizan/n02091244_2934.jpg",
        "https://images.dog.ceo/breeds/hound-ibizan/n02091244_2941.jpg",
        "https://images.dog.ceo/breeds/hound-ibizan/n02091244_2993.jpg",
        "https://images.dog.ceo/breeds/hound-ibizan/n02091244_3005.jpg",
        "https://images.dog.ceo/breeds/hound-ibizan/n02091244_3042.jpg",
        "https://images.dog.ceo/breeds/hound-ibizan/n02091244_3075.jpg",
        "https://images.dog.ceo/breeds/hound-ibizan/n02091244_3153.jpg",
        "https://images.dog.ceo/breeds/hound-ibizan/n02091244_3161.jpg",
        "https://images.dog.ceo/breeds/hound-ibizan/n02091244_3240.jpg",
        "https://images.dog.ceo/breeds/hound-ibizan/n02091244_327.jpg",
        "https://images.dog.ceo/breeds/hound-ibizan/n02091244_3278.jpg",
        "https://images.dog.ceo/breeds/hound-ibizan/n02091244_3289.jpg",
        "https://images.dog.ceo/breeds/hound-ibizan/n02091244_3315.jpg",
        "https://images.dog.ceo/breeds/hound-ibizan/n02091244_3319.jpg",
        "https://images.dog.ceo/breeds/hound-ibizan/n02091244_3320.jpg",
        "https://images.dog.ceo/breeds/hound-ibizan/n02091244_3321.jpg",
        "https://images.dog.ceo/breeds/hound-ibizan/n02091244_3346.jpg",
        "https://images.dog.ceo/breeds/hound-ibizan/n02091244_3369.jpg",
        "https://images.dog.ceo/breeds/hound-ibizan/n02091244_3373.jpg",
        "https://images.dog.ceo/breeds/hound-ibizan/n02091244_3383.jpg",
        "https://images.dog.ceo/breeds/hound-ibizan/n02091244_3425.jpg",
        "https://images.dog.ceo/breeds/hound-ibizan/n02091244_3438.jpg",
        "https://images.dog.ceo/breeds/hound-ibizan/n02091244_3552.jpg",
        "https://images.dog.ceo/breeds/hound-ibizan/n02091244_3707.jpg",
        "https://images.dog.ceo/breeds/hound-ibizan/n02091244_3735.jpg",
        "https://images.dog.ceo/breeds/hound-ibizan/n02091244_3748.jpg",
        "https://images.dog.ceo/breeds/hound-ibizan/n02091244_3800.jpg",
        "https://images.dog.ceo/breeds/hound-ibizan/n02091244_3840.jpg",
        "https://images.dog.ceo/breeds/hound-ibizan/n02091244_387.jpg",
        "https://images.dog.ceo/breeds/hound-ibizan/n02091244_3874.jpg",
        "https://images.dog.ceo/breeds/hound-ibizan/n02091244_3921.jpg",
        "https://images.dog.ceo/breeds/hound-ibizan/n02091244_3939.jpg",
        "https://images.dog.ceo/breeds/hound-ibizan/n02091244_4015.jpg",
        "https://images.dog.ceo/breeds/hound-ibizan/n02091244_4031.jpg",
        "https://images.dog.ceo/breeds/hound-ibizan/n02091244_4033.jpg",
        "https://images.dog.ceo/breeds/hound-ibizan/n02091244_4086.jpg",
        "https://images.dog.ceo/breeds/hound-ibizan/n02091244_4107.jpg",
        "https://images.dog.ceo/breeds/hound-ibizan/n02091244_4110.jpg",
        "https://images.dog.ceo/breeds/hound-ibizan/n02091244_4242.jpg",
        "https://images.dog.ceo/breeds/hound-ibizan/n02091244_4268.jpg",
        "https://images.dog.ceo/breeds/hound-ibizan/n02091244_4281.jpg",
        "https://images.dog.ceo/breeds/hound-ibizan/n02091244_4367.jpg",
        "https://images.dog.ceo/breeds/hound-ibizan/n02091244_4395.jpg",
        "https://images.dog.ceo/breeds/hound-ibizan/n02091244_440.jpg",
        "https://images.dog.ceo/breeds/hound-ibizan/n02091244_443.jpg",
        "https://images.dog.ceo/breeds/hound-ibizan/n02091244_448.jpg",
        "https://images.dog.ceo/breeds/hound-ibizan/n02091244_465.jpg",
        "https://images.dog.ceo/breeds/hound-ibizan/n02091244_4778.jpg",
        "https://images.dog.ceo/breeds/hound-ibizan/n02091244_485.jpg",
        "https://images.dog.ceo/breeds/hound-ibizan/n02091244_486.jpg",
        "https://images.dog.ceo/breeds/hound-ibizan/n02091244_4861.jpg",
        "https://images.dog.ceo/breeds/hound-ibizan/n02091244_487.jpg",
        "https://images.dog.ceo/breeds/hound-ibizan/n02091244_4879.jpg",
        "https://images.dog.ceo/breeds/hound-ibizan/n02091244_4885.jpg",
        "https://images.dog.ceo/breeds/hound-ibizan/n02091244_4914.jpg",
        "https://images.dog.ceo/breeds/hound-ibizan/n02091244_4948.jpg",
        "https://images.dog.ceo/breeds/hound-ibizan/n02091244_497.jpg",
        "https://images.dog.ceo/breeds/hound-ibizan/n02091244_4986.jpg",
        "https://images.dog.ceo/breeds/hound-ibizan/n02091244_5038.jpg",
        "https://images.dog.ceo/breeds/hound-ibizan/n02091244_5180.jpg",
        "https://images.dog.ceo/breeds/hound-ibizan/n02091244_5400.jpg",
        "https://images.dog.ceo/breeds/hound-ibizan/n02091244_5488.jpg",
        "https://images.dog.ceo/breeds/hound-ibizan/n02091244_5517.jpg",
        "https://images.dog.ceo/breeds/hound-ibizan/n02091244_5571.jpg",
        "https://images.dog.ceo/breeds/hound-ibizan/n02091244_5637.jpg",
        "https://images.dog.ceo/breeds/hound-ibizan/n02091244_5638.jpg",
        "https://images.dog.ceo/breeds/hound-ibizan/n02091244_5639.jpg",
        "https://images.dog.ceo/breeds/hound-ibizan/n02091244_569.jpg",
        "https://images.dog.ceo/breeds/hound-ibizan/n02091244_5769.jpg",
        "https://images.dog.ceo/breeds/hound-ibizan/n02091244_5774.jpg",
        "https://images.dog.ceo/breeds/hound-ibizan/n02091244_583.jpg",
        "https://images.dog.ceo/breeds/hound-ibizan/n02091244_589.jpg",
        "https://images.dog.ceo/breeds/hound-ibizan/n02091244_5895.jpg",
        "https://images.dog.ceo/breeds/hound-ibizan/n02091244_5943.jpg",
        "https://images.dog.ceo/breeds/hound-ibizan/n02091244_595.jpg",
        "https://images.dog.ceo/breeds/hound-ibizan/n02091244_596.jpg",
        "https://images.dog.ceo/breeds/hound-ibizan/n02091244_5989.jpg",
        "https://images.dog.ceo/breeds/hound-ibizan/n02091244_6041.jpg",
        "https://images.dog.ceo/breeds/hound-ibizan/n02091244_61.jpg",
        "https://images.dog.ceo/breeds/hound-ibizan/n02091244_678.jpg",
        "https://images.dog.ceo/breeds/hound-ibizan/n02091244_716.jpg",
        "https://images.dog.ceo/breeds/hound-ibizan/n02091244_736.jpg",
        "https://images.dog.ceo/breeds/hound-ibizan/n02091244_743.jpg",
        "https://images.dog.ceo/breeds/hound-ibizan/n02091244_746.jpg",
        "https://images.dog.ceo/breeds/hound-ibizan/n02091244_756.jpg",
        "https://images.dog.ceo/breeds/hound-ibizan/n02091244_784.jpg",
        "https://images.dog.ceo/breeds/hound-ibizan/n02091244_822.jpg",
        "https://images.dog.ceo/breeds/hound-ibizan/n02091244_85.jpg",
        "https://images.dog.ceo/breeds/hound-ibizan/n02091244_86.jpg",
        "https://images.dog.ceo/breeds/hound-ibizan/n02091244_873.jpg",
        "https://images.dog.ceo/breeds/hound-ibizan/n02091244_879.jpg",
        "https://images.dog.ceo/breeds/hound-ibizan/n02091244_939.jpg",
        "https://images.dog.ceo/breeds/hound-ibizan/n02091244_966.jpg",
        "https://images.dog.ceo/breeds/hound-plott/hhh-23456.jpg",
        "https://images.dog.ceo/breeds/hound-plott/hhh_plott002.jpg",
        "https://images.dog.ceo/breeds/hound-walker/n02089867_1048.jpg",
        "https://images.dog.ceo/breeds/hound-walker/n02089867_1062.jpg",
        "https://images.dog.ceo/breeds/hound-walker/n02089867_1079.jpg",
        "https://images.dog.ceo/breeds/hound-walker/n02089867_1082.jpg",
        "https://images.dog.ceo/breeds/hound-walker/n02089867_1105.jpg",
        "https://images.dog.ceo/breeds/hound-walker/n02089867_1208.jpg",
        "https://images.dog.ceo/breeds/hound-walker/n02089867_1212.jpg",
        "https://images.dog.ceo/breeds/hound-walker/n02089867_1225.jpg",
        "https://images.dog.ceo/breeds/hound-walker/n02089867_1243.jpg",
        "https://images.dog.ceo/breeds/hound-walker/n02089867_126.jpg",
        "https://images.dog.ceo/breeds/hound-walker/n02089867_1295.jpg",
        "https://images.dog.ceo/breeds/hound-walker/n02089867_1310.jpg",
        "https://images.dog.ceo/breeds/hound-walker/n02089867_1345.jpg",
        "https://images.dog.ceo/breeds/hound-walker/n02089867_1352.jpg",
        "https://images.dog.ceo/breeds/hound-walker/n02089867_1368.jpg",
        "https://images.dog.ceo/breeds/hound-walker/n02089867_1381.jpg",
        "https://images.dog.ceo/breeds/hound-walker/n02089867_1412.jpg",
        "https://images.dog.ceo/breeds/hound-walker/n02089867_1416.jpg",
        "https://images.dog.ceo/breeds/hound-walker/n02089867_142.jpg",
        "https://images.dog.ceo/breeds/hound-walker/n02089867_1430.jpg",
        "https://images.dog.ceo/breeds/hound-walker/n02089867_1438.jpg",
        "https://images.dog.ceo/breeds/hound-walker/n02089867_1439.jpg",
        "https://images.dog.ceo/breeds/hound-walker/n02089867_1452.jpg",
        "https://images.dog.ceo/breeds/hound-walker/n02089867_146.jpg",
        "https://images.dog.ceo/breeds/hound-walker/n02089867_1471.jpg",
        "https://images.dog.ceo/breeds/hound-walker/n02089867_148.jpg",
        "https://images.dog.ceo/breeds/hound-walker/n02089867_149.jpg",
        "https://images.dog.ceo/breeds/hound-walker/n02089867_1504.jpg",
        "https://images.dog.ceo/breeds/hound-walker/n02089867_1546.jpg",
        "https://images.dog.ceo/breeds/hound-walker/n02089867_1599.jpg",
        "https://images.dog.ceo/breeds/hound-walker/n02089867_1697.jpg",
        "https://images.dog.ceo/breeds/hound-walker/n02089867_1787.jpg",
        "https://images.dog.ceo/breeds/hound-walker/n02089867_180.jpg",
        "https://images.dog.ceo/breeds/hound-walker/n02089867_1824.jpg",
        "https://images.dog.ceo/breeds/hound-walker/n02089867_1863.jpg",
        "https://images.dog.ceo/breeds/hound-walker/n02089867_1882.jpg",
        "https://images.dog.ceo/breeds/hound-walker/n02089867_1912.jpg",
        "https://images.dog.ceo/breeds/hound-walker/n02089867_1918.jpg",
        "https://images.dog.ceo/breeds/hound-walker/n02089867_1921.jpg",
        "https://images.dog.ceo/breeds/hound-walker/n02089867_1931.jpg",
        "https://images.dog.ceo/breeds/hound-walker/n02089867_1965.jpg",
        "https://images.dog.ceo/breeds/hound-walker/n02089867_1987.jpg",
        "https://images.dog.ceo/breeds/hound-walker/n02089867_1988.jpg",
        "https://images.dog.ceo/breeds/hound-walker/n02089867_2039.jpg",
        "https://images.dog.ceo/breeds/hound-walker/n02089867_2063.jpg",
        "https://images.dog.ceo/breeds/hound-walker/n02089867_2102.jpg",
        "https://images.dog.ceo/breeds/hound-walker/n02089867_2142.jpg",
        "https://images.dog.ceo/breeds/hound-walker/n02089867_218.jpg",
        "https://images.dog.ceo/breeds/hound-walker/n02089867_2267.jpg",
        "https://images.dog.ceo/breeds/hound-walker/n02089867_2280.jpg",
        "https://images.dog.ceo/breeds/hound-walker/n02089867_2287.jpg",
        "https://images.dog.ceo/breeds/hound-walker/n02089867_2295.jpg",
        "https://images.dog.ceo/breeds/hound-walker/n02089867_2319.jpg",
        "https://images.dog.ceo/breeds/hound-walker/n02089867_2325.jpg",
        "https://images.dog.ceo/breeds/hound-walker/n02089867_2365.jpg",
        "https://images.dog.ceo/breeds/hound-walker/n02089867_2382.jpg",
        "https://images.dog.ceo/breeds/hound-walker/n02089867_2387.jpg",
        "https://images.dog.ceo/breeds/hound-walker/n02089867_2388.jpg",
        "https://images.dog.ceo/breeds/hound-walker/n02089867_24.jpg",
        "https://images.dog.ceo/breeds/hound-walker/n02089867_2432.jpg",
        "https://images.dog.ceo/breeds/hound-walker/n02089867_2433.jpg",
        "https://images.dog.ceo/breeds/hound-walker/n02089867_2446.jpg",
        "https://images.dog.ceo/breeds/hound-walker/n02089867_2472.jpg",
        "https://images.dog.ceo/breeds/hound-walker/n02089867_2479.jpg",
        "https://images.dog.ceo/breeds/hound-walker/n02089867_2559.jpg",
        "https://images.dog.ceo/breeds/hound-walker/n02089867_2567.jpg",
        "https://images.dog.ceo/breeds/hound-walker/n02089867_2582.jpg",
        "https://images.dog.ceo/breeds/hound-walker/n02089867_2596.jpg",
        "https://images.dog.ceo/breeds/hound-walker/n02089867_2602.jpg",
        "https://images.dog.ceo/breeds/hound-walker/n02089867_2653.jpg",
        "https://images.dog.ceo/breeds/hound-walker/n02089867_266.jpg",
        "https://images.dog.ceo/breeds/hound-walker/n02089867_2677.jpg",
        "https://images.dog.ceo/breeds/hound-walker/n02089867_2688.jpg",
        "https://images.dog.ceo/breeds/hound-walker/n02089867_2713.jpg",
        "https://images.dog.ceo/breeds/hound-walker/n02089867_2735.jpg",
        "https://images.dog.ceo/breeds/hound-walker/n02089867_2743.jpg",
        "https://images.dog.ceo/breeds/hound-walker/n02089867_2758.jpg",
        "https://images.dog.ceo/breeds/hound-walker/n02089867_277.jpg",
        "https://images.dog.ceo/breeds/hound-walker/n02089867_2815.jpg",
        "https://images.dog.ceo/breeds/hound-walker/n02089867_2880.jpg",
        "https://images.dog.ceo/breeds/hound-walker/n02089867_2950.jpg",
        "https://images.dog.ceo/breeds/hound-walker/n02089867_3023.jpg",
        "https://images.dog.ceo/breeds/hound-walker/n02089867_3044.jpg",
        "https://images.dog.ceo/breeds/hound-walker/n02089867_3072.jpg",
        "https://images.dog.ceo/breeds/hound-walker/n02089867_31.jpg",
        "https://images.dog.ceo/breeds/hound-walker/n02089867_3103.jpg",
        "https://images.dog.ceo/breeds/hound-walker/n02089867_3108.jpg",
        "https://images.dog.ceo/breeds/hound-walker/n02089867_3126.jpg",
        "https://images.dog.ceo/breeds/hound-walker/n02089867_3177.jpg",
        "https://images.dog.ceo/breeds/hound-walker/n02089867_3253.jpg",
        "https://images.dog.ceo/breeds/hound-walker/n02089867_3260.jpg",
        "https://images.dog.ceo/breeds/hound-walker/n02089867_3335.jpg",
        "https://images.dog.ceo/breeds/hound-walker/n02089867_335.jpg",
        "https://images.dog.ceo/breeds/hound-walker/n02089867_3448.jpg",
        "https://images.dog.ceo/breeds/hound-walker/n02089867_3449.jpg",
        "https://images.dog.ceo/breeds/hound-walker/n02089867_3456.jpg",
        "https://images.dog.ceo/breeds/hound-walker/n02089867_347.jpg",
        "https://images.dog.ceo/breeds/hound-walker/n02089867_348.jpg",
        "https://images.dog.ceo/breeds/hound-walker/n02089867_3585.jpg",
        "https://images.dog.ceo/breeds/hound-walker/n02089867_3602.jpg",
        "https://images.dog.ceo/breeds/hound-walker/n02089867_3608.jpg",
        "https://images.dog.ceo/breeds/hound-walker/n02089867_3727.jpg",
        "https://images.dog.ceo/breeds/hound-walker/n02089867_3784.jpg",
        "https://images.dog.ceo/breeds/hound-walker/n02089867_3800.jpg",
        "https://images.dog.ceo/breeds/hound-walker/n02089867_3840.jpg",
        "https://images.dog.ceo/breeds/hound-walker/n02089867_3892.jpg",
        "https://images.dog.ceo/breeds/hound-walker/n02089867_3928.jpg",
        "https://images.dog.ceo/breeds/hound-walker/n02089867_3953.jpg",
        "https://images.dog.ceo/breeds/hound-walker/n02089867_4001.jpg",
        "https://images.dog.ceo/breeds/hound-walker/n02089867_4004.jpg",
        "https://images.dog.ceo/breeds/hound-walker/n02089867_42.jpg",
        "https://images.dog.ceo/breeds/hound-walker/n02089867_426.jpg",
        "https://images.dog.ceo/breeds/hound-walker/n02089867_454.jpg",
        "https://images.dog.ceo/breeds/hound-walker/n02089867_55.jpg",
        "https://images.dog.ceo/breeds/hound-walker/n02089867_600.jpg",
        "https://images.dog.ceo/breeds/hound-walker/n02089867_614.jpg",
        "https://images.dog.ceo/breeds/hound-walker/n02089867_671.jpg",
        "https://images.dog.ceo/breeds/hound-walker/n02089867_712.jpg",
        "https://images.dog.ceo/breeds/hound-walker/n02089867_724.jpg",
        "https://images.dog.ceo/breeds/hound-walker/n02089867_758.jpg",
        "https://images.dog.ceo/breeds/hound-walker/n02089867_785.jpg",
        "https://images.dog.ceo/breeds/hound-walker/n02089867_822.jpg",
        "https://images.dog.ceo/breeds/hound-walker/n02089867_857.jpg",
        "https://images.dog.ceo/breeds/hound-walker/n02089867_880.jpg",
        "https://images.dog.ceo/breeds/hound-walker/n02089867_883.jpg",
        "https://images.dog.ceo/breeds/hound-walker/n02089867_90.jpg",
        "https://images.dog.ceo/breeds/hound-walker/n02089867_91.jpg",
        "https://images.dog.ceo/breeds/hound-walker/n02089867_942.jpg",
        "https://images.dog.ceo/breeds/hound-walker/n02089867_953.jpg"
    ],
    "status": "success"
}
]]></system-out>
  </testcase>
  <testcase name="testImageIsDifferentOnMultipleCalls" classname="tests.Images.RandomImageTest" time="0.928">
    <system-out><![CDATA[HTTP/1.1 200 OK
Date: Fri, 04 Jul 2025 20:59:03 GMT
Content-Type: application/json
Content-Length: 113
Connection: keep-alive
Server: cloudflare
X-Powered-By: PHP/8.1.32
Cache-Control: no-cache, private
Access-Control-Allow-Origin: *
Content-Encoding: gzip
Via: 1.1 varnish (Varnish/6.3), 1.1 varnish (Varnish/6.3)
X-Cache-Hits: 0
X-Cache: MISS
Accept-Ranges: bytes
Age: 0
Vary: Accept-Encoding
Nel: {"report_to":"cf-nel","success_fraction":0.0,"max_age":604800}
Cf-Cache-Status: DYNAMIC
Report-To: {"group":"cf-nel","max_age":604800,"endpoints":[{"url":"https://a.nel.cloudflare.com/report/v4?s=PBTwjzLlC9JGtYxZAIjI8eeboxfuqhyh5JVLWoMdgBO7%2FkbmxFn7FpNBq5BetQ5Pe7cYIwTvFvuxeytRmNtjxtpfGzqr%2F0U%3D"}]}
CF-RAY: 95a18b50aef7628b-GRU
alt-svc: h3=":443"; ma=86400

{
    "message": "https://images.dog.ceo/breeds/schnauzer-giant/n02097130_234.jpg",
    "status": "success"
}
]]></system-out>
  </testcase>
  <testcase name="testImageUrlIsValid" classname="tests.Images.RandomImageTest" time="0.476"/>
  <testcase name="testRandomImageStatusCode" classname="tests.Images.RandomImageTest" time="0.448"/>
  <testcase name="testRandomImageStructure" classname="tests.Images.RandomImageTest" time="0.314">
    <system-out><![CDATA[HTTP/1.1 200 OK
Date: Fri, 04 Jul 2025 20:59:04 GMT
Content-Type: application/json
Content-Length: 96
Connection: keep-alive
Server: cloudflare
X-Powered-By: PHP/8.1.32
Cache-Control: no-cache, private
Access-Control-Allow-Origin: *
Content-Encoding: gzip
Via: 1.1 varnish (Varnish/6.3), 1.1 varnish (Varnish/6.3)
X-Cache-Hits: 0
X-Cache: MISS
Accept-Ranges: bytes
Age: 0
Vary: Accept-Encoding
Nel: {"report_to":"cf-nel","success_fraction":0.0,"max_age":604800}
Cf-Cache-Status: DYNAMIC
Report-To: {"group":"cf-nel","max_age":604800,"endpoints":[{"url":"https://a.nel.cloudflare.com/report/v4?s=qRXUIIKPWMXf9Ba61cyzaJyG3nVXEJp9%2BjyBZTmcqvkZZr%2B8RAdJQOsvQcYxbZs%2F0P44fsZsmvtda1Kl3Q0pyegW4wNxuK0%3D"}]}
CF-RAY: 95a18b595f4ede31-GRU
alt-svc: h3=":443"; ma=86400

{
    "message": "https://images.dog.ceo/breeds/shiba/shiba-11.jpg",
    "status": "success"
}
]]></system-out>
  </testcase>
  <testcase name="testResponseTime" classname="tests.Images.RandomImageTest" time="0.476">
    <system-out><![CDATA[HTTP/1.1 200 OK
Date: Fri, 04 Jul 2025 20:59:05 GMT
Content-Type: application/json
Content-Length: 112
Connection: keep-alive
Server: cloudflare
X-Powered-By: PHP/8.1.32
Cache-Control: no-cache, private
Access-Control-Allow-Origin: *
Content-Encoding: gzip
Via: 1.1 varnish (Varnish/6.3), 1.1 varnish (Varnish/6.3)
X-Cache-Hits: 0
X-Cache: MISS
Accept-Ranges: bytes
Age: 0
Vary: Accept-Encoding
Nel: {"report_to":"cf-nel","success_fraction":0.0,"max_age":604800}
Cf-Cache-Status: DYNAMIC
Report-To: {"group":"cf-nel","max_age":604800,"endpoints":[{"url":"https://a.nel.cloudflare.com/report/v4?s=ngsqCVhOndhnbcYr6NhfGTivtBSEaxj%2Fe7Nqq6X7kcJM4VoWorQWHnGBFL8BUEfZnQfNzZ3bQdQeVUttS2PLvHtg75wOknk%3D"}]}
CF-RAY: 95a18b5b4f441b31-GRU
alt-svc: h3=":443"; ma=86400

{
    "message": "https://images.dog.ceo/breeds/setter-gordon/n02101006_4757.jpg",
    "status": "success"
}
]]></system-out>
  </testcase>
</testsuite>